nohup: input ignorato
Omniglot Task - DNC - concatenated_input -  200 hidden -  0.001 lr

Episode 00500: 1.599812
Labels Distribution:  [ 586.   17.   18.   20.  159.]
Accuracies:
[ 0.35   0.265  0.242  0.229  0.221  0.217  0.211  0.207  0.207  0.208]

Episode 01000: 1.576955
Labels Distribution:  [ 235.  193.  122.  177.   73.]
Accuracies:
[ 0.436  0.295  0.27   0.255  0.245  0.24   0.235  0.231  0.223  0.213]

Episode 01500: 1.561337
Labels Distribution:  [ 151.   81.  128.  245.  195.]
Accuracies:
[ 0.447  0.305  0.282  0.269  0.263  0.258  0.254  0.246  0.24   0.226]

Episode 02000: 1.556666
Labels Distribution:  [ 206.  333.   70.  115.   76.]
Accuracies:
[ 0.449  0.307  0.282  0.27   0.261  0.259  0.255  0.255  0.248  0.232]

Episode 02500: 1.546812
Labels Distribution:  [  73.  210.   52.  187.  278.]
Accuracies:
[ 0.452  0.307  0.281  0.273  0.266  0.261  0.26   0.257  0.256  0.239]

Episode 03000: 1.535864
Labels Distribution:  [  79.  120.   80.  276.  245.]
Accuracies:
[ 0.454  0.31   0.286  0.273  0.271  0.266  0.265  0.267  0.264  0.251]

Episode 03500: 1.526536
Labels Distribution:  [  64.  163.  146.  185.  242.]
Accuracies:
[ 0.45   0.31   0.285  0.276  0.273  0.267  0.271  0.271  0.271  0.261]

Episode 04000: 1.515740
Labels Distribution:  [ 159.   49.  257.  206.  129.]
Accuracies:
[ 0.455  0.311  0.286  0.278  0.273  0.274  0.274  0.275  0.277  0.276]

Episode 04500: 1.498687
Labels Distribution:  [ 190.   94.  246.  221.   49.]
Accuracies:
[ 0.442  0.321  0.297  0.289  0.286  0.285  0.287  0.291  0.298  0.296]

Episode 05000: 1.410742
Labels Distribution:  [  93.   98.  241.  145.  223.]
Accuracies:
[ 0.376  0.352  0.348  0.351  0.354  0.36   0.362  0.363  0.354  0.345]

Episode 05500: 1.279433
Labels Distribution:  [ 144.  181.   98.   94.  283.]
Accuracies:
[ 0.335  0.375  0.398  0.419  0.428  0.436  0.438  0.438  0.432  0.418]

Episode 06000: 1.207471
Labels Distribution:  [ 137.  143.  269.  100.  151.]
Accuracies:
[ 0.321  0.409  0.436  0.454  0.471  0.474  0.475  0.471  0.469  0.456]

Episode 06500: 1.177046
Labels Distribution:  [ 201.   82.  121.  136.  260.]
Accuracies:
[ 0.314  0.427  0.454  0.475  0.49   0.5    0.5    0.499  0.49   0.478]

Episode 07000: 1.107453
Labels Distribution:  [ 185.  189.   99.  124.  203.]
Accuracies:
[ 0.295  0.453  0.488  0.512  0.528  0.537  0.539  0.537  0.536  0.523]

Episode 07500: 1.027916
Labels Distribution:  [ 196.  174.  167.  106.  157.]
Accuracies:
[ 0.286  0.493  0.541  0.569  0.579  0.59   0.591  0.59   0.585  0.586]

Episode 08000: 0.983290
Labels Distribution:  [ 166.   55.  243.  154.  182.]
Accuracies:
[ 0.269  0.51   0.562  0.595  0.608  0.611  0.618  0.61   0.606  0.601]

Episode 08500: 0.942281
Labels Distribution:  [ 129.  150.  188.  202.  131.]
Accuracies:
[ 0.272  0.53   0.592  0.622  0.632  0.64   0.642  0.639  0.631  0.628]

Episode 09000: 0.877603
Labels Distribution:  [ 147.  163.  175.  132.  183.]
Accuracies:
[ 0.279  0.564  0.625  0.654  0.664  0.672  0.68   0.68   0.679  0.669]

Episode 09500: 0.818952
Labels Distribution:  [ 217.  127.   88.  178.  190.]
Accuracies:
[ 0.263  0.594  0.656  0.689  0.698  0.706  0.71   0.709  0.71   0.707]

Episode 10000: 0.789629
Labels Distribution:  [ 110.  196.  159.  216.  119.]
Accuracies:
[ 0.256  0.613  0.679  0.702  0.712  0.721  0.723  0.725  0.727  0.727]

Episode 10500: 0.749928
Labels Distribution:  [ 165.  157.  123.  215.  140.]
Accuracies:
[ 0.26   0.634  0.7    0.726  0.738  0.74   0.742  0.742  0.748  0.742]

Episode 11000: 0.727279
Labels Distribution:  [ 148.  196.  123.  176.  157.]
Accuracies:
[ 0.26   0.64   0.711  0.737  0.749  0.75   0.754  0.758  0.758  0.754]

Episode 11500: 0.689078
Labels Distribution:  [ 150.  162.  140.  161.  187.]
Accuracies:
[ 0.259  0.663  0.734  0.756  0.765  0.77   0.775  0.776  0.776  0.773]

Episode 12000: 0.671592
Labels Distribution:  [ 151.  158.  152.  172.  167.]
Accuracies:
[ 0.261  0.678  0.742  0.766  0.778  0.78   0.785  0.783  0.782  0.781]

Episode 12500: 0.636303
Labels Distribution:  [ 228.  170.  161.  169.   72.]
Accuracies:
[ 0.267  0.693  0.757  0.787  0.793  0.798  0.802  0.801  0.802  0.799]

Episode 13000: 0.614171
Labels Distribution:  [ 115.  195.  161.  134.  195.]
Accuracies:
[ 0.274  0.701  0.769  0.791  0.803  0.805  0.811  0.811  0.812  0.807]

Episode 13500: 0.586701
Labels Distribution:  [ 126.  146.  170.  106.  252.]
Accuracies:
[ 0.272  0.717  0.782  0.803  0.812  0.823  0.822  0.825  0.825  0.822]

Episode 14000: 0.567856
Labels Distribution:  [ 125.  157.  161.  192.  165.]
Accuracies:
[ 0.269  0.728  0.792  0.812  0.824  0.829  0.832  0.837  0.836  0.829]

Episode 14500: 0.545735
Labels Distribution:  [ 113.  152.  201.  152.  182.]
Accuracies:
[ 0.268  0.743  0.803  0.823  0.837  0.84   0.845  0.846  0.847  0.843]

Episode 15000: 0.539670
Labels Distribution:  [ 221.  196.  120.  101.  162.]
Accuracies:
[ 0.274  0.747  0.804  0.824  0.834  0.844  0.847  0.848  0.849  0.847]

Episode 15500: 0.509447
Labels Distribution:  [ 171.  205.  155.  166.  103.]
Accuracies:
[ 0.272  0.763  0.821  0.842  0.851  0.858  0.86   0.864  0.863  0.862]

Episode 16000: 0.512367
Labels Distribution:  [ 155.  181.  159.  159.  146.]
Accuracies:
[ 0.275  0.76   0.815  0.841  0.852  0.853  0.859  0.862  0.859  0.86 ]

Episode 16500: 0.498305
Labels Distribution:  [ 159.  148.  131.  181.  181.]
Accuracies:
[ 0.278  0.768  0.824  0.842  0.855  0.859  0.868  0.866  0.871  0.864]

Episode 17000: 0.461927
Labels Distribution:  [ 163.  167.  150.  123.  197.]
Accuracies:
[ 0.282  0.787  0.844  0.862  0.872  0.878  0.883  0.886  0.886  0.883]

Episode 17500: 0.461226
Labels Distribution:  [ 144.  168.  156.  162.  170.]
Accuracies:
[ 0.291  0.79   0.841  0.859  0.873  0.88   0.881  0.885  0.882  0.882]

Episode 18000: 0.441873
Labels Distribution:  [ 100.  139.  175.  150.  236.]
Accuracies:
[ 0.283  0.798  0.849  0.868  0.88   0.886  0.89   0.891  0.893  0.891]

Episode 18500: 0.422901
Labels Distribution:  [ 132.  212.  131.  189.  136.]
Accuracies:
[ 0.292  0.812  0.859  0.875  0.886  0.895  0.898  0.9    0.902  0.897]

Episode 19000: 0.419921
Labels Distribution:  [ 155.  149.  172.  144.  180.]
Accuracies:
[ 0.293  0.814  0.858  0.88   0.891  0.892  0.899  0.901  0.902  0.899]

Episode 19500: 0.404664
Labels Distribution:  [ 177.  175.  161.  144.  143.]
Accuracies:
[ 0.293  0.824  0.869  0.884  0.896  0.902  0.905  0.91   0.909  0.905]

Episode 20000: 0.393581
Labels Distribution:  [ 149.  163.  142.  165.  181.]
Accuracies:
[ 0.303  0.825  0.872  0.889  0.899  0.906  0.911  0.913  0.913  0.913]

Episode 20500: 0.381238
Labels Distribution:  [ 192.  149.  186.  153.  120.]
Accuracies:
[ 0.296  0.833  0.877  0.895  0.905  0.912  0.917  0.92   0.919  0.915]

Episode 21000: 0.385710
Labels Distribution:  [ 148.  184.  191.  140.  137.]
Accuracies:
[ 0.3    0.833  0.876  0.892  0.905  0.91   0.913  0.916  0.915  0.915]

Episode 21500: 0.370623
Labels Distribution:  [ 182.  145.  158.  140.  175.]
Accuracies:
[ 0.307  0.843  0.883  0.899  0.911  0.916  0.92   0.922  0.922  0.919]

Episode 22000: 0.363447
Labels Distribution:  [ 160.  146.  164.  167.  163.]
Accuracies:
[ 0.308  0.843  0.884  0.903  0.911  0.92   0.922  0.923  0.922  0.923]

Episode 22500: 0.371633
Labels Distribution:  [ 157.  165.  160.  149.  169.]
Accuracies:
[ 0.303  0.842  0.881  0.9    0.909  0.915  0.918  0.919  0.921  0.92 ]

Episode 23000: 0.349882
Labels Distribution:  [ 191.  179.  153.  120.  157.]
Accuracies:
[ 0.31   0.855  0.89   0.906  0.919  0.925  0.929  0.929  0.929  0.928]

Episode 23500: 0.336886
Labels Distribution:  [ 154.  175.  153.  173.  145.]
Accuracies:
[ 0.312  0.862  0.899  0.914  0.924  0.93   0.935  0.938  0.936  0.935]

Episode 24000: 0.343619
Labels Distribution:  [ 122.  168.  206.  153.  151.]
Accuracies:
[ 0.313  0.857  0.895  0.909  0.919  0.926  0.93   0.93   0.93   0.927]

Episode 24500: 0.337825
Labels Distribution:  [ 160.  154.  196.  156.  134.]
Accuracies:
[ 0.313  0.861  0.896  0.914  0.923  0.929  0.931  0.933  0.932  0.931]

Episode 25000: 0.326560
Labels Distribution:  [ 162.  166.  159.  206.  107.]
Accuracies:
[ 0.318  0.868  0.901  0.92   0.928  0.929  0.934  0.936  0.936  0.935]

Episode 25500: 0.316540
Labels Distribution:  [ 149.  171.  154.  165.  161.]
Accuracies:
[ 0.317  0.874  0.907  0.921  0.93   0.939  0.941  0.942  0.941  0.944]

Episode 26000: 0.315543
Labels Distribution:  [ 170.  178.  147.  155.  150.]
Accuracies:
[ 0.321  0.875  0.908  0.921  0.934  0.936  0.94   0.941  0.941  0.942]

Episode 26500: 0.311940
Labels Distribution:  [ 171.  176.  176.  132.  145.]
Accuracies:
[ 0.316  0.877  0.908  0.924  0.935  0.938  0.941  0.944  0.943  0.942]

Episode 27000: 0.309895
Labels Distribution:  [ 156.  150.  153.  176.  165.]
Accuracies:
[ 0.322  0.881  0.908  0.924  0.932  0.937  0.941  0.943  0.946  0.942]

Episode 27500: 0.305812
Labels Distribution:  [ 177.  153.  168.  144.  158.]
Accuracies:
[ 0.329  0.882  0.912  0.924  0.936  0.94   0.943  0.946  0.945  0.942]

Episode 28000: 0.293227
Labels Distribution:  [ 163.  168.  153.  148.  168.]
Accuracies:
[ 0.327  0.889  0.919  0.932  0.942  0.946  0.948  0.95   0.95   0.948]

Episode 28500: 0.294333
Labels Distribution:  [ 154.  161.  172.  161.  152.]
Accuracies:
[ 0.334  0.888  0.918  0.93   0.938  0.944  0.946  0.947  0.948  0.949]

Episode 29000: 0.290158
Labels Distribution:  [ 186.  147.  151.  169.  147.]
Accuracies:
[ 0.322  0.892  0.921  0.931  0.942  0.946  0.949  0.95   0.949  0.951]

Episode 29500: 0.291028
Labels Distribution:  [ 160.  155.  194.  144.  147.]
Accuracies:
[ 0.327  0.892  0.919  0.934  0.942  0.947  0.949  0.95   0.949  0.95 ]

Episode 30000: 0.286383
Labels Distribution:  [ 158.  156.  151.  130.  205.]
Accuracies:
[ 0.333  0.896  0.921  0.935  0.943  0.947  0.95   0.952  0.953  0.949]

Episode 30500: 0.278030
Labels Distribution:  [ 176.  169.  147.  158.  150.]
Accuracies:
[ 0.334  0.898  0.923  0.937  0.947  0.951  0.952  0.952  0.953  0.953]

Episode 31000: 0.273199
Labels Distribution:  [ 154.  154.  160.  170.  162.]
Accuracies:
[ 0.336  0.9    0.929  0.94   0.947  0.95   0.956  0.955  0.954  0.955]

Episode 31500: 0.270545
Labels Distribution:  [ 160.  167.  150.  153.  170.]
Accuracies:
[ 0.335  0.902  0.928  0.943  0.948  0.952  0.955  0.958  0.958  0.955]

Episode 32000: 0.277071
Labels Distribution:  [ 152.  177.  153.  147.  171.]
Accuracies:
[ 0.332  0.897  0.926  0.937  0.947  0.95   0.953  0.955  0.958  0.954]

Episode 32500: 0.269293
Labels Distribution:  [ 210.  155.  158.  155.  122.]
Accuracies:
[ 0.34   0.903  0.93   0.942  0.95   0.952  0.957  0.957  0.956  0.959]

Episode 33000: 0.269283
Labels Distribution:  [ 164.  176.  158.  150.  152.]
Accuracies:
[ 0.338  0.902  0.929  0.943  0.949  0.953  0.957  0.958  0.956  0.956]

Episode 33500: 0.276250
Labels Distribution:  [ 157.  152.  187.  150.  154.]
Accuracies:
[ 0.331  0.898  0.926  0.938  0.946  0.951  0.955  0.953  0.956  0.953]

Episode 34000: 0.262756
Labels Distribution:  [ 107.  220.  133.  178.  162.]
Accuracies:
[ 0.34   0.909  0.932  0.943  0.951  0.956  0.959  0.96   0.959  0.959]

Episode 34500: 0.264216
Labels Distribution:  [ 158.  148.  187.  149.  158.]
Accuracies:
[ 0.336  0.907  0.928  0.945  0.95   0.954  0.958  0.959  0.96   0.958]

Episode 35000: 0.262694
Labels Distribution:  [ 138.  177.  178.  146.  161.]
Accuracies:
[ 0.34   0.908  0.932  0.946  0.95   0.954  0.959  0.958  0.959  0.958]

Episode 35500: 0.257869
Labels Distribution:  [ 153.  160.  161.  158.  168.]
Accuracies:
[ 0.341  0.912  0.934  0.947  0.95   0.956  0.959  0.962  0.962  0.961]

Episode 36000: 0.249753
Labels Distribution:  [ 160.  158.  156.  171.  155.]
Accuracies:
[ 0.339  0.915  0.939  0.951  0.956  0.96   0.964  0.965  0.966  0.965]

Episode 36500: 0.256624
Labels Distribution:  [ 139.  185.  164.  152.  160.]
Accuracies:
[ 0.343  0.913  0.935  0.946  0.954  0.957  0.96   0.959  0.961  0.96 ]

Episode 37000: 0.248416
Labels Distribution:  [ 179.  163.  153.  158.  147.]
Accuracies:
[ 0.343  0.915  0.94   0.951  0.958  0.961  0.963  0.964  0.964  0.963]

Episode 37500: 0.248085
Labels Distribution:  [ 173.  149.  162.  159.  157.]
Accuracies:
[ 0.345  0.917  0.94   0.95   0.958  0.962  0.961  0.964  0.964  0.963]

Episode 38000: 0.249335
Labels Distribution:  [ 158.  148.  183.  145.  166.]
Accuracies:
[ 0.348  0.915  0.939  0.949  0.957  0.96   0.963  0.965  0.962  0.964]

Episode 38500: 0.241773
Labels Distribution:  [ 149.  147.  171.  174.  159.]
Accuracies:
[ 0.339  0.918  0.943  0.952  0.958  0.964  0.965  0.967  0.968  0.967]

Episode 39000: 0.236653
Labels Distribution:  [ 143.  155.  165.  182.  155.]
Accuracies:
[ 0.349  0.924  0.942  0.956  0.961  0.966  0.967  0.969  0.969  0.967]

Episode 39500: 0.242464
Labels Distribution:  [ 170.  153.  152.  107.  218.]
Accuracies:
[ 0.346  0.923  0.942  0.951  0.96   0.963  0.965  0.966  0.966  0.965]

Episode 40000: 0.237229
Labels Distribution:  [ 150.  148.  158.  157.  187.]
Accuracies:
[ 0.351  0.923  0.944  0.955  0.96   0.965  0.966  0.969  0.968  0.967]

Episode 40500: 0.234306
Labels Distribution:  [ 149.  162.  164.  171.  154.]
Accuracies:
[ 0.351  0.923  0.946  0.956  0.961  0.966  0.968  0.969  0.969  0.967]

Episode 41000: 0.239331
Labels Distribution:  [ 165.  159.  143.  162.  171.]
Accuracies:
[ 0.344  0.922  0.943  0.955  0.961  0.964  0.967  0.968  0.967  0.965]

Episode 41500: 0.232176
Labels Distribution:  [ 162.  163.  161.  151.  163.]
Accuracies:
[ 0.355  0.926  0.945  0.955  0.962  0.967  0.968  0.969  0.971  0.968]

Episode 42000: 0.234837
Labels Distribution:  [ 160.  154.  157.  172.  157.]
Accuracies:
[ 0.353  0.926  0.946  0.956  0.961  0.965  0.967  0.968  0.967  0.967]

Episode 42500: 0.233754
Labels Distribution:  [ 163.  162.  164.  160.  151.]
Accuracies:
[ 0.355  0.925  0.946  0.954  0.962  0.966  0.969  0.969  0.969  0.969]

Episode 43000: 0.235372
Labels Distribution:  [ 172.  158.  152.  156.  162.]
Accuracies:
[ 0.35   0.925  0.946  0.954  0.96   0.965  0.967  0.966  0.966  0.966]

Episode 43500: 0.227711
Labels Distribution:  [ 154.  151.  168.  155.  172.]
Accuracies:
[ 0.353  0.93   0.948  0.959  0.964  0.968  0.97   0.97   0.971  0.97 ]

Episode 44000: 0.224020
Labels Distribution:  [ 157.  156.  163.  161.  163.]
Accuracies:
[ 0.353  0.93   0.95   0.961  0.966  0.969  0.971  0.972  0.973  0.972]

Episode 44500: 0.233647
Labels Distribution:  [ 174.  159.  144.  170.  153.]
Accuracies:
[ 0.349  0.928  0.945  0.957  0.963  0.966  0.968  0.968  0.968  0.967]

Episode 45000: 0.224083
Labels Distribution:  [ 211.  137.  163.  180.  109.]
Accuracies:
[ 0.36   0.932  0.951  0.959  0.965  0.97   0.971  0.972  0.972  0.972]

Episode 45500: 0.220733
Labels Distribution:  [ 156.  161.  165.  167.  151.]
Accuracies:
[ 0.358  0.932  0.952  0.962  0.967  0.971  0.972  0.973  0.973  0.972]

Episode 46000: 0.219850
Labels Distribution:  [ 180.  153.  160.  157.  150.]
Accuracies:
[ 0.359  0.935  0.951  0.962  0.969  0.97   0.973  0.974  0.973  0.972]

Episode 46500: 0.221910
Labels Distribution:  [ 152.  163.  166.  158.  161.]
Accuracies:
[ 0.358  0.931  0.952  0.96   0.967  0.971  0.971  0.971  0.972  0.971]

Episode 47000: 0.221678
Labels Distribution:  [ 154.  157.  168.  159.  162.]
Accuracies:
[ 0.357  0.934  0.95   0.961  0.966  0.97   0.97   0.972  0.971  0.97 ]

Episode 47500: 0.214686
Labels Distribution:  [ 162.  171.  137.  180.  150.]
Accuracies:
[ 0.361  0.938  0.955  0.963  0.971  0.972  0.972  0.975  0.974  0.974]

Episode 48000: 0.214999
Labels Distribution:  [ 169.  157.  151.  167.  156.]
Accuracies:
[ 0.36   0.936  0.954  0.964  0.968  0.972  0.973  0.973  0.974  0.974]

Episode 48500: 0.218151
Labels Distribution:  [ 163.  146.  161.  180.  150.]
Accuracies:
[ 0.357  0.936  0.954  0.962  0.967  0.97   0.971  0.974  0.972  0.973]

Episode 49000: 0.217350
Labels Distribution:  [ 195.  154.  170.  147.  134.]
Accuracies:
[ 0.358  0.937  0.954  0.962  0.968  0.972  0.973  0.973  0.973  0.972]

Episode 49500: 0.213144
Labels Distribution:  [ 157.  155.  164.  163.  161.]
Accuracies:
[ 0.36   0.936  0.956  0.963  0.969  0.972  0.974  0.976  0.976  0.975]

Episode 50000: 0.210343
Labels Distribution:  [ 150.  157.  170.  159.  164.]
Accuracies:
[ 0.361  0.938  0.957  0.965  0.969  0.973  0.975  0.976  0.977  0.975]

Episode 50500: 0.214247
Labels Distribution:  [ 169.  158.  156.  168.  149.]
Accuracies:
[ 0.36   0.937  0.955  0.964  0.969  0.972  0.974  0.975  0.975  0.975]

Episode 51000: 0.209180
Labels Distribution:  [ 164.  150.  180.  148.  158.]
Accuracies:
[ 0.364  0.941  0.957  0.966  0.97   0.974  0.976  0.976  0.978  0.976]

Episode 51500: 0.206660
Labels Distribution:  [ 151.  159.  167.  165.  158.]
Accuracies:
[ 0.364  0.941  0.958  0.966  0.972  0.974  0.977  0.978  0.978  0.976]

Episode 52000: 0.206190
Labels Distribution:  [ 157.  168.  159.  163.  153.]
Accuracies:
[ 0.361  0.943  0.96   0.967  0.972  0.975  0.976  0.978  0.978  0.978]

Episode 52500: 0.211794
Labels Distribution:  [ 159.  149.  156.  160.  176.]
Accuracies:
[ 0.362  0.94   0.955  0.963  0.969  0.973  0.974  0.976  0.974  0.974]

Episode 53000: 0.209205
Labels Distribution:  [ 168.  174.  148.  154.  156.]
Accuracies:
[ 0.36   0.94   0.959  0.966  0.97   0.973  0.976  0.976  0.976  0.975]

Episode 53500: 0.211066
Labels Distribution:  [ 150.  170.  171.  154.  155.]
Accuracies:
[ 0.365  0.943  0.957  0.964  0.968  0.974  0.974  0.975  0.975  0.975]

Episode 54000: 0.208375
Labels Distribution:  [ 177.  164.  164.  143.  152.]
Accuracies:
[ 0.363  0.942  0.958  0.964  0.97   0.973  0.975  0.976  0.975  0.975]

Episode 54500: 0.210834
Labels Distribution:  [ 182.  145.  152.  187.  134.]
Accuracies:
[ 0.363  0.94   0.956  0.965  0.97   0.972  0.975  0.976  0.975  0.975]

Episode 55000: 0.205557
Labels Distribution:  [ 160.  213.  115.  167.  145.]
Accuracies:
[ 0.366  0.945  0.959  0.968  0.972  0.974  0.975  0.976  0.977  0.976]

Episode 55500: 0.204750
Labels Distribution:  [ 169.  163.  160.  152.  156.]
Accuracies:
[ 0.364  0.943  0.96   0.968  0.972  0.975  0.977  0.978  0.978  0.978]

Episode 56000: 0.199191
Labels Distribution:  [ 160.  156.  163.  166.  155.]
Accuracies:
[ 0.371  0.946  0.962  0.969  0.973  0.977  0.979  0.979  0.979  0.979]

Episode 56500: 0.194122
Labels Distribution:  [ 156.  156.  164.  153.  171.]
Accuracies:
[ 0.374  0.948  0.963  0.973  0.976  0.979  0.98   0.98   0.981  0.981]

Episode 57000: 0.207810
Labels Distribution:  [ 150.  161.  157.  177.  155.]
Accuracies:
[ 0.368  0.944  0.956  0.964  0.97   0.973  0.975  0.976  0.976  0.975]

Episode 57500: 0.199441
Labels Distribution:  [ 148.  200.  177.  118.  157.]
Accuracies:
[ 0.37   0.947  0.961  0.969  0.973  0.978  0.978  0.979  0.98   0.98 ]

Episode 58000: 0.201013
Labels Distribution:  [ 160.  174.  153.  161.  152.]
Accuracies:
[ 0.369  0.946  0.96   0.969  0.973  0.976  0.979  0.979  0.978  0.979]

Episode 58500: 0.198126
Labels Distribution:  [ 164.  134.  158.  185.  159.]
Accuracies:
[ 0.373  0.948  0.963  0.971  0.974  0.977  0.979  0.98   0.98   0.98 ]

Episode 59000: 0.194349
Labels Distribution:  [ 176.  155.  144.  156.  169.]
Accuracies:
[ 0.368  0.95   0.964  0.972  0.976  0.98   0.98   0.981  0.982  0.979]

Episode 59500: 0.198177
Labels Distribution:  [ 140.  164.  174.  149.  173.]
Accuracies:
[ 0.367  0.948  0.964  0.97   0.975  0.976  0.978  0.979  0.98   0.979]

Episode 60000: 0.200579
Labels Distribution:  [ 172.  149.  150.  157.  172.]
Accuracies:
[ 0.368  0.947  0.962  0.97   0.973  0.977  0.978  0.979  0.978  0.977]

Episode 60500: 0.196364
Labels Distribution:  [ 153.  132.  166.  163.  186.]
Accuracies:
[ 0.372  0.947  0.962  0.971  0.975  0.977  0.979  0.98   0.981  0.979]

Episode 61000: 0.200055
Labels Distribution:  [ 161.  157.  184.  134.  164.]
Accuracies:
[ 0.365  0.946  0.961  0.97   0.972  0.977  0.979  0.978  0.979  0.978]

Episode 61500: 0.196666
Labels Distribution:  [ 171.  153.  153.  162.  161.]
Accuracies:
[ 0.375  0.948  0.962  0.97   0.974  0.978  0.978  0.98   0.98   0.979]

Episode 62000: 0.191020
Labels Distribution:  [ 155.  169.  152.  180.  144.]
Accuracies:
[ 0.373  0.952  0.965  0.971  0.977  0.979  0.981  0.982  0.983  0.982]

Episode 62500: 0.188620
Labels Distribution:  [ 145.  159.  162.  169.  165.]
Accuracies:
[ 0.373  0.954  0.967  0.974  0.977  0.98   0.98   0.982  0.982  0.98 ]

Episode 63000: 0.184891
Labels Distribution:  [ 151.  171.  135.  167.  176.]
Accuracies:
[ 0.376  0.953  0.967  0.975  0.98   0.981  0.984  0.985  0.983  0.984]

Episode 63500: 0.191824
Labels Distribution:  [ 158.  160.  159.  175.  148.]
Accuracies:
[ 0.371  0.951  0.963  0.971  0.977  0.978  0.98   0.98   0.982  0.981]

Episode 64000: 0.194720
Labels Distribution:  [ 156.  188.  165.  129.  162.]
Accuracies:
[ 0.375  0.95   0.962  0.971  0.975  0.977  0.977  0.979  0.979  0.978]

Episode 64500: 0.190012
Labels Distribution:  [ 159.  168.  155.  159.  159.]
Accuracies:
[ 0.371  0.953  0.966  0.974  0.977  0.979  0.981  0.983  0.982  0.981]

Episode 65000: 0.196550
Labels Distribution:  [ 160.  147.  162.  158.  173.]
Accuracies:
[ 0.372  0.948  0.962  0.972  0.974  0.978  0.978  0.979  0.979  0.979]

Episode 65500: 0.190094
Labels Distribution:  [ 162.  151.  159.  170.  158.]
Accuracies:
[ 0.375  0.952  0.966  0.972  0.977  0.98   0.98   0.98   0.982  0.981]

Episode 66000: 0.191169
Labels Distribution:  [ 152.  172.  150.  184.  142.]
Accuracies:
[ 0.372  0.952  0.964  0.972  0.977  0.978  0.979  0.98   0.981  0.98 ]

Episode 66500: 0.185021
Labels Distribution:  [ 161.  161.  147.  168.  163.]
Accuracies:
[ 0.379  0.954  0.969  0.975  0.978  0.981  0.982  0.983  0.983  0.983]

Episode 67000: 0.188957
Labels Distribution:  [ 144.  160.  156.  173.  167.]
Accuracies:
[ 0.379  0.952  0.966  0.973  0.978  0.98   0.98   0.982  0.981  0.982]

Episode 67500: 0.183234
Labels Distribution:  [ 162.  172.  152.  159.  155.]
Accuracies:
[ 0.379  0.956  0.967  0.975  0.979  0.982  0.983  0.984  0.983  0.982]

Episode 68000: 0.193238
Labels Distribution:  [ 147.  169.  157.  165.  162.]
Accuracies:
[ 0.372  0.951  0.966  0.97   0.977  0.978  0.979  0.98   0.981  0.979]

Episode 68500: 0.193832
Labels Distribution:  [ 166.  156.  151.  156.  171.]
Accuracies:
[ 0.379  0.949  0.963  0.972  0.974  0.978  0.98   0.98   0.98   0.979]

Episode 69000: 0.183738
Labels Distribution:  [ 163.  155.  163.  160.  159.]
Accuracies:
[ 0.38   0.955  0.969  0.976  0.98   0.982  0.983  0.984  0.984  0.982]

Episode 69500: 0.177822
Labels Distribution:  [ 152.  154.  149.  177.  168.]
Accuracies:
[ 0.382  0.959  0.971  0.977  0.981  0.984  0.984  0.986  0.987  0.986]

Episode 70000: 0.189256
Labels Distribution:  [ 148.  160.  157.  170.  165.]
Accuracies:
[ 0.375  0.953  0.967  0.971  0.977  0.98   0.979  0.982  0.981  0.981]

Episode 70500: 0.180645
Labels Distribution:  [ 176.  157.  156.  152.  159.]
Accuracies:
[ 0.378  0.957  0.969  0.978  0.982  0.983  0.983  0.984  0.985  0.983]

Episode 71000: 0.184916
Labels Distribution:  [ 156.  166.  164.  154.  160.]
Accuracies:
[ 0.375  0.956  0.969  0.975  0.979  0.981  0.981  0.983  0.984  0.983]

Episode 71500: 0.185709
Labels Distribution:  [ 158.  147.  173.  171.  151.]
Accuracies:
[ 0.375  0.955  0.968  0.974  0.978  0.982  0.983  0.983  0.984  0.982]

Episode 72000: 0.181610
Labels Distribution:  [ 160.  183.  156.  136.  165.]
Accuracies:
[ 0.38   0.956  0.969  0.975  0.979  0.981  0.984  0.983  0.983  0.984]

Episode 72500: 0.185341
Labels Distribution:  [ 128.  178.  153.  180.  161.]
Accuracies:
[ 0.379  0.955  0.967  0.975  0.979  0.98   0.983  0.982  0.982  0.981]

Episode 73000: 0.177716
Labels Distribution:  [ 154.  155.  171.  156.  164.]
Accuracies:
[ 0.383  0.96   0.972  0.977  0.982  0.983  0.985  0.985  0.984  0.985]

Episode 73500: 0.182438
Labels Distribution:  [ 165.  153.  166.  166.  150.]
Accuracies:
[ 0.382  0.958  0.968  0.975  0.979  0.981  0.982  0.983  0.983  0.982]

Episode 74000: 0.185954
Labels Distribution:  [ 145.  156.  180.  155.  164.]
Accuracies:
[ 0.383  0.954  0.967  0.974  0.979  0.98   0.981  0.982  0.983  0.981]

Episode 74500: 0.178041
Labels Distribution:  [ 159.  160.  175.  156.  150.]
Accuracies:
[ 0.381  0.96   0.97   0.977  0.98   0.982  0.984  0.984  0.985  0.984]

Episode 75000: 0.179220
Labels Distribution:  [ 157.  155.  188.  164.  136.]
Accuracies:
[ 0.379  0.959  0.971  0.977  0.981  0.983  0.984  0.985  0.984  0.984]

Episode 75500: 0.178468
Labels Distribution:  [ 160.  168.  165.  156.  151.]
Accuracies:
[ 0.39   0.958  0.969  0.978  0.981  0.983  0.984  0.983  0.984  0.983]

Episode 76000: 0.188405
Labels Distribution:  [ 164.  149.  159.  154.  174.]
Accuracies:
[ 0.377  0.953  0.966  0.972  0.975  0.979  0.979  0.981  0.981  0.981]

Episode 76500: 0.187392
Labels Distribution:  [ 167.  149.  159.  172.  153.]
Accuracies:
[ 0.376  0.955  0.966  0.974  0.976  0.98   0.981  0.982  0.981  0.981]

Episode 77000: 0.173707
Labels Distribution:  [ 162.  159.  159.  158.  162.]
Accuracies:
[ 0.388  0.961  0.971  0.979  0.982  0.985  0.986  0.987  0.987  0.985]

Episode 77500: 0.170863
Labels Distribution:  [ 146.  172.  162.  170.  150.]
Accuracies:
[ 0.385  0.962  0.975  0.98   0.984  0.986  0.986  0.988  0.988  0.987]

Episode 78000: 0.179319
Labels Distribution:  [ 167.  158.  166.  153.  156.]
Accuracies:
[ 0.381  0.96   0.971  0.977  0.98   0.982  0.984  0.984  0.984  0.984]

Episode 78500: 0.176804
Labels Distribution:  [ 161.  189.  162.  152.  136.]
Accuracies:
[ 0.38   0.96   0.972  0.979  0.981  0.983  0.984  0.986  0.985  0.984]

Episode 79000: 0.175245
Labels Distribution:  [ 164.  153.  149.  168.  166.]
Accuracies:
[ 0.376  0.963  0.971  0.978  0.981  0.984  0.985  0.986  0.986  0.985]

Episode 79500: 0.177742
Labels Distribution:  [ 163.  158.  152.  157.  170.]
Accuracies:
[ 0.381  0.958  0.969  0.977  0.981  0.983  0.985  0.986  0.985  0.984]

Episode 80000: 0.177659
Labels Distribution:  [ 160.  156.  172.  161.  151.]
Accuracies:
[ 0.38   0.96   0.97   0.976  0.981  0.983  0.984  0.985  0.984  0.983]

Episode 80500: 0.183528
Labels Distribution:  [ 182.  176.  155.  141.  146.]
Accuracies:
[ 0.381  0.957  0.968  0.975  0.978  0.98   0.982  0.983  0.983  0.982]

Episode 81000: 0.174870
Labels Distribution:  [ 163.  169.  159.  147.  162.]
Accuracies:
[ 0.386  0.963  0.972  0.977  0.981  0.984  0.986  0.986  0.985  0.984]

Episode 81500: 0.175423
Labels Distribution:  [ 160.  148.  157.  180.  155.]
Accuracies:
[ 0.382  0.963  0.971  0.977  0.981  0.983  0.984  0.986  0.985  0.984]

Episode 82000: 0.173097
Labels Distribution:  [ 141.  175.  171.  192.  121.]
Accuracies:
[ 0.388  0.962  0.973  0.98   0.981  0.985  0.985  0.985  0.986  0.986]

Episode 82500: 0.175094
Labels Distribution:  [ 155.  158.  161.  159.  167.]
Accuracies:
[ 0.387  0.962  0.972  0.978  0.982  0.983  0.985  0.987  0.987  0.985]

Episode 83000: 0.171235
Labels Distribution:  [ 163.  157.  172.  156.  152.]
Accuracies:
[ 0.387  0.964  0.974  0.979  0.983  0.986  0.987  0.987  0.988  0.987]

Episode 83500: 0.179187
Labels Distribution:  [ 151.  150.  202.  173.  124.]
Accuracies:
[ 0.385  0.957  0.969  0.977  0.981  0.983  0.984  0.985  0.984  0.984]

Episode 84000: 0.171156
Labels Distribution:  [ 153.  151.  170.  164.  162.]
Accuracies:
[ 0.389  0.963  0.974  0.979  0.982  0.984  0.986  0.987  0.986  0.986]

Episode 84500: 0.169247
Labels Distribution:  [ 156.  165.  153.  170.  156.]
Accuracies:
[ 0.392  0.964  0.974  0.98   0.983  0.985  0.986  0.987  0.986  0.987]

Episode 85000: 0.174526
Labels Distribution:  [ 146.  162.  162.  149.  181.]
Accuracies:
[ 0.387  0.961  0.972  0.978  0.982  0.984  0.985  0.986  0.985  0.984]

Episode 85500: 0.167549
Labels Distribution:  [ 157.  154.  169.  150.  170.]
Accuracies:
[ 0.388  0.965  0.974  0.982  0.985  0.987  0.987  0.987  0.988  0.987]

Episode 86000: 0.170367
Labels Distribution:  [ 170.  156.  157.  161.  156.]
Accuracies:
[ 0.384  0.965  0.972  0.98   0.983  0.985  0.987  0.987  0.987  0.987]

Episode 86500: 0.171199
Labels Distribution:  [ 165.  155.  152.  171.  157.]
Accuracies:
[ 0.384  0.965  0.974  0.979  0.983  0.985  0.986  0.987  0.986  0.987]

Episode 87000: 0.166033
Labels Distribution:  [ 166.  168.  200.  163.  103.]
Accuracies:
[ 0.394  0.967  0.976  0.981  0.985  0.987  0.988  0.989  0.987  0.987]

Episode 87500: 0.172572
Labels Distribution:  [ 162.  161.  168.  157.  152.]
Accuracies:
[ 0.386  0.963  0.972  0.978  0.982  0.984  0.985  0.985  0.985  0.985]

Episode 88000: 0.168393
Labels Distribution:  [ 224.  144.  187.  101.  144.]
Accuracies:
[ 0.391  0.964  0.976  0.981  0.983  0.985  0.988  0.987  0.987  0.987]

Episode 88500: 0.175262
Labels Distribution:  [ 169.  134.  161.  173.  163.]
Accuracies:
[ 0.386  0.962  0.97   0.979  0.981  0.983  0.983  0.985  0.985  0.984]

Episode 89000: 0.176045
Labels Distribution:  [ 151.  172.  149.  158.  170.]
Accuracies:
[ 0.383  0.96   0.971  0.977  0.981  0.983  0.984  0.985  0.986  0.985]

Episode 89500: 0.162094
Labels Distribution:  [ 163.  165.  160.  154.  158.]
Accuracies:
[ 0.391  0.968  0.978  0.982  0.986  0.989  0.989  0.99   0.99   0.989]

Episode 90000: 0.167205
Labels Distribution:  [ 150.  174.  166.  155.  155.]
Accuracies:
[ 0.394  0.966  0.975  0.981  0.984  0.985  0.987  0.988  0.987  0.987]

Episode 90500: 0.172715
Labels Distribution:  [ 123.  152.  191.  169.  165.]
Accuracies:
[ 0.385  0.963  0.974  0.979  0.982  0.984  0.986  0.985  0.986  0.985]

Episode 91000: 0.164189
Labels Distribution:  [ 151.  162.  167.  163.  157.]
Accuracies:
[ 0.39   0.968  0.976  0.981  0.986  0.986  0.988  0.99   0.989  0.988]

Episode 91500: 0.166652
Labels Distribution:  [ 153.  177.  141.  155.  174.]
Accuracies:
[ 0.393  0.967  0.975  0.98   0.982  0.985  0.987  0.987  0.988  0.988]

Episode 92000: 0.168295
Labels Distribution:  [ 157.  155.  161.  150.  177.]
Accuracies:
[ 0.391  0.965  0.974  0.98   0.983  0.985  0.986  0.987  0.987  0.987]

Episode 92500: 0.170433
Labels Distribution:  [ 169.  158.  158.  156.  159.]
Accuracies:
[ 0.39   0.965  0.974  0.98   0.983  0.985  0.986  0.987  0.986  0.985]

Episode 93000: 0.166203
Labels Distribution:  [ 169.  153.  166.  153.  159.]
Accuracies:
[ 0.386  0.966  0.976  0.983  0.985  0.986  0.988  0.988  0.988  0.988]

Episode 93500: 0.170570
Labels Distribution:  [ 156.  164.  150.  168.  162.]
Accuracies:
[ 0.384  0.964  0.974  0.978  0.983  0.984  0.986  0.987  0.986  0.987]

Episode 94000: 0.165429
Labels Distribution:  [ 166.  161.  164.  156.  153.]
Accuracies:
[ 0.385  0.967  0.975  0.982  0.985  0.987  0.988  0.989  0.988  0.988]

Episode 94500: 0.168159
Labels Distribution:  [ 153.  159.  157.  170.  161.]
Accuracies:
[ 0.396  0.967  0.976  0.979  0.982  0.985  0.987  0.987  0.987  0.985]

Episode 95000: 0.166181
Labels Distribution:  [ 156.  155.  163.  156.  170.]
Accuracies:
[ 0.387  0.966  0.975  0.981  0.985  0.986  0.989  0.988  0.988  0.987]

Episode 95500: 0.163830
Labels Distribution:  [ 160.  169.  154.  167.  150.]
Accuracies:
[ 0.393  0.968  0.978  0.981  0.984  0.987  0.988  0.988  0.988  0.988]

Episode 96000: 0.166780
Labels Distribution:  [ 162.  157.  148.  171.  162.]
Accuracies:
[ 0.392  0.967  0.975  0.981  0.985  0.986  0.988  0.988  0.988  0.988]

Episode 96500: 0.167635
Labels Distribution:  [ 142.  162.  159.  156.  181.]
Accuracies:
[ 0.389  0.967  0.976  0.98   0.983  0.986  0.987  0.988  0.987  0.986]

Episode 97000: 0.170832
Labels Distribution:  [ 170.  160.  159.  150.  161.]
Accuracies:
[ 0.387  0.964  0.974  0.979  0.982  0.985  0.986  0.987  0.985  0.986]

Episode 97500: 0.163375
Labels Distribution:  [ 163.  167.  146.  175.  149.]
Accuracies:
[ 0.395  0.968  0.977  0.983  0.986  0.987  0.988  0.989  0.988  0.988]

Episode 98000: 0.162745
Labels Distribution:  [ 152.  150.  151.  174.  173.]
Accuracies:
[ 0.39   0.969  0.977  0.982  0.986  0.987  0.989  0.989  0.989  0.988]

Episode 98500: 0.165797
Labels Distribution:  [ 162.  155.  146.  165.  172.]
Accuracies:
[ 0.392  0.967  0.976  0.982  0.984  0.985  0.987  0.988  0.988  0.988]

Episode 99000: 0.160439
Labels Distribution:  [ 159.  155.  159.  163.  164.]
Accuracies:
[ 0.4    0.968  0.977  0.983  0.985  0.988  0.989  0.989  0.989  0.988]

Episode 99500: 0.158268
Labels Distribution:  [ 163.  161.  164.  160.  152.]
Accuracies:
[ 0.393  0.97   0.979  0.984  0.987  0.989  0.99   0.991  0.99   0.99 ]

Episode 100000: 0.162380
Labels Distribution:  [ 165.  168.  161.  152.  154.]
Accuracies:
[ 0.392  0.969  0.977  0.983  0.986  0.988  0.988  0.989  0.989  0.988]
