nohup: input ignorato
('SIMULATION ', 1)
('\t CONVERGED AT TRIAL ', 3985.0)
('Percentage of correct trials during test: ', array([ 100.,    0.,    0.,    0.,    0.,    0.,    0.,    0.,    0.,    0.]), '%')
('SIMULATION ', 2)
('\t CONVERGED AT TRIAL ', 2111.0)
('Percentage of correct trials during test: ', array([ 100.,  100.,    0.,    0.,    0.,    0.,    0.,    0.,    0.,    0.]), '%')
('SIMULATION ', 3)
('\t CONVERGED AT TRIAL ', 2569.0)
('Percentage of correct trials during test: ', array([ 100.,  100.,  100.,    0.,    0.,    0.,    0.,    0.,    0.,    0.]), '%')
('SIMULATION ', 4)
('\t CONVERGED AT TRIAL ', 7200.0)
('Percentage of correct trials during test: ', array([ 100.,  100.,  100.,  100.,    0.,    0.,    0.,    0.,    0.,    0.]), '%')
('SIMULATION ', 5)
('\t CONVERGED AT TRIAL ', 4164.0)
('Percentage of correct trials during test: ', array([ 100.,  100.,  100.,  100.,  100.,    0.,    0.,    0.,    0.,    0.]), '%')
('SIMULATION ', 6)
('\t CONVERGED AT TRIAL ', 4589.0)
('Percentage of correct trials during test: ', array([ 100.,  100.,  100.,  100.,  100.,  100.,    0.,    0.,    0.,    0.]), '%')
('SIMULATION ', 7)
('\t CONVERGED AT TRIAL ', 4773.0)
('Percentage of correct trials during test: ', array([ 100.,  100.,  100.,  100.,  100.,  100.,  100.,    0.,    0.,    0.]), '%')
('SIMULATION ', 8)
('\t CONVERGED AT TRIAL ', 9681.0)
('Percentage of correct trials during test: ', array([ 100.,  100.,  100.,  100.,  100.,  100.,  100.,  100.,    0.,    0.]), '%')
('SIMULATION ', 9)
('\t CONVERGED AT TRIAL ', 8394.0)
('Percentage of correct trials during test: ', array([ 100.,  100.,  100.,  100.,  100.,  100.,  100.,  100.,  100.,    0.]), '%')
('SIMULATION ', 10)
('\t CONVERGED AT TRIAL ', 1573.0)
('Percentage of correct trials during test: ', array([ 100.,  100.,  100.,  100.,  100.,  100.,  100.,  100.,  100.,  100.]), '%')
