nohup: input ignorato
[[ 0.  1.  0.  0.  0.  0.  0.  0.]
 [ 0.  0.  1.  0.  0.  0.  0.  0.]
 [ 0.  0.  0.  0.  0.  0.  0.  1.]]
['2' 'A' 'Z']
['L' 'L' 'L']

Deep_mode DC 	 H_R= 10 	 H_M= 0
Decay= 0.15 	 learn_rate= 0.2 	 discount= 0.9
Leak= 0.7 	 Expl_rate= 0.025  	 gain= 1
REWARD:  BRL
PROPAGATION:  std 


SIMULATION N. 1
SIMULATION MET CRITERION AT EPISODE [21933] 	 ( strong  criterion)
SIMULATION N. 2
SIMULATION MET CRITERION AT EPISODE [12016] 	 ( strong  criterion)
SIMULATION N. 3
SIMULATION MET CRITERION AT EPISODE [21809] 	 ( strong  criterion)
SIMULATION N. 4
SIMULATION MET CRITERION AT EPISODE [9019] 	 ( strong  criterion)
SIMULATION N. 5
SIMULATION MET CRITERION AT EPISODE [24530] 	 ( strong  criterion)
SIMULATION N. 6
SIMULATION MET CRITERION AT EPISODE [31324] 	 ( strong  criterion)
SIMULATION N. 7
SIMULATION MET CRITERION AT EPISODE [32080] 	 ( strong  criterion)
SIMULATION N. 8
SIMULATION MET CRITERION AT EPISODE [18981] 	 ( strong  criterion)
SIMULATION N. 9
SIMULATION MET CRITERION AT EPISODE [21988] 	 ( strong  criterion)
SIMULATION N. 10
SIMULATION MET CRITERION AT EPISODE [43359] 	 ( strong  criterion)
SIMULATION N. 11
SIMULATION MET CRITERION AT EPISODE [20473] 	 ( strong  criterion)
SIMULATION N. 12
SIMULATION MET CRITERION AT EPISODE [23790] 	 ( strong  criterion)
SIMULATION N. 13
SIMULATION MET CRITERION AT EPISODE [17126] 	 ( strong  criterion)
SIMULATION N. 14
SIMULATION MET CRITERION AT EPISODE [33578] 	 ( strong  criterion)
SIMULATION N. 15
SIMULATION MET CRITERION AT EPISODE [25152] 	 ( strong  criterion)
SIMULATION N. 16
SIMULATION MET CRITERION AT EPISODE [15440] 	 ( strong  criterion)
SIMULATION N. 17
SIMULATION MET CRITERION AT EPISODE [10990] 	 ( strong  criterion)
SIMULATION N. 18
SIMULATION MET CRITERION AT EPISODE [14835] 	 ( strong  criterion)
SIMULATION N. 19
SIMULATION MET CRITERION AT EPISODE [24206] 	 ( strong  criterion)
SIMULATION N. 20
SIMULATION MET CRITERION AT EPISODE [16411] 	 ( strong  criterion)
SIMULATION N. 21
SIMULATION MET CRITERION AT EPISODE [16518] 	 ( strong  criterion)
SIMULATION N. 22
SIMULATION MET CRITERION AT EPISODE [23307] 	 ( strong  criterion)
SIMULATION N. 23
SIMULATION MET CRITERION AT EPISODE [30172] 	 ( strong  criterion)
SIMULATION N. 24
SIMULATION MET CRITERION AT EPISODE [26661] 	 ( strong  criterion)
SIMULATION N. 25
SIMULATION MET CRITERION AT EPISODE [29855] 	 ( strong  criterion)
SIMULATION N. 26
SIMULATION MET CRITERION AT EPISODE [34240] 	 ( strong  criterion)
SIMULATION N. 27
SIMULATION MET CRITERION AT EPISODE [29027] 	 ( strong  criterion)
SIMULATION N. 28
SIMULATION MET CRITERION AT EPISODE [26878] 	 ( strong  criterion)
SIMULATION N. 29
SIMULATION MET CRITERION AT EPISODE [29026] 	 ( strong  criterion)
SIMULATION N. 30
SIMULATION MET CRITERION AT EPISODE [16636] 	 ( strong  criterion)
SIMULATION N. 31
SIMULATION MET CRITERION AT EPISODE [23188] 	 ( strong  criterion)
SIMULATION N. 32
SIMULATION MET CRITERION AT EPISODE [16428] 	 ( strong  criterion)
SIMULATION N. 33
SIMULATION MET CRITERION AT EPISODE [31972] 	 ( strong  criterion)
SIMULATION N. 34
SIMULATION MET CRITERION AT EPISODE [19331] 	 ( strong  criterion)
SIMULATION N. 35
SIMULATION MET CRITERION AT EPISODE [17521] 	 ( strong  criterion)
SIMULATION N. 36
SIMULATION MET CRITERION AT EPISODE [26775] 	 ( strong  criterion)
SIMULATION N. 37
SIMULATION MET CRITERION AT EPISODE [12759] 	 ( strong  criterion)
SIMULATION N. 38
SIMULATION MET CRITERION AT EPISODE [22176] 	 ( strong  criterion)
SIMULATION N. 39
SIMULATION MET CRITERION AT EPISODE [40651] 	 ( strong  criterion)
SIMULATION N. 40
SIMULATION MET CRITERION AT EPISODE [17339] 	 ( strong  criterion)
SIMULATION N. 41
SIMULATION MET CRITERION AT EPISODE [32740] 	 ( strong  criterion)
SIMULATION N. 42
SIMULATION MET CRITERION AT EPISODE [14964] 	 ( strong  criterion)
SIMULATION N. 43
SIMULATION MET CRITERION AT EPISODE [15634] 	 ( strong  criterion)
SIMULATION N. 44
SIMULATION MET CRITERION AT EPISODE [25249] 	 ( strong  criterion)
SIMULATION N. 45
SIMULATION MET CRITERION AT EPISODE [26534] 	 ( strong  criterion)
SIMULATION N. 46
SIMULATION MET CRITERION AT EPISODE [22287] 	 ( strong  criterion)
SIMULATION N. 47
SIMULATION MET CRITERION AT EPISODE [14304] 	 ( strong  criterion)
SIMULATION N. 48
SIMULATION MET CRITERION AT EPISODE [23381] 	 ( strong  criterion)
SIMULATION N. 49
SIMULATION MET CRITERION AT EPISODE [11322] 	 ( strong  criterion)
SIMULATION N. 50
SIMULATION MET CRITERION AT EPISODE [31371] 	 ( strong  criterion)
SIMULATION N. 51
SIMULATION MET CRITERION AT EPISODE [18958] 	 ( strong  criterion)
SIMULATION N. 52
SIMULATION MET CRITERION AT EPISODE [21055] 	 ( strong  criterion)
SIMULATION N. 53
SIMULATION MET CRITERION AT EPISODE [20283] 	 ( strong  criterion)
SIMULATION N. 54
SIMULATION MET CRITERION AT EPISODE [32053] 	 ( strong  criterion)
SIMULATION N. 55
SIMULATION MET CRITERION AT EPISODE [24126] 	 ( strong  criterion)
SIMULATION N. 56
SIMULATION MET CRITERION AT EPISODE [25251] 	 ( strong  criterion)
SIMULATION N. 57
SIMULATION MET CRITERION AT EPISODE [43007] 	 ( strong  criterion)
SIMULATION N. 58
SIMULATION MET CRITERION AT EPISODE [11782] 	 ( strong  criterion)
SIMULATION N. 59
SIMULATION MET CRITERION AT EPISODE [27826] 	 ( strong  criterion)
SIMULATION N. 60
SIMULATION MET CRITERION AT EPISODE [14407] 	 ( strong  criterion)
SIMULATION N. 61
SIMULATION MET CRITERION AT EPISODE [15232] 	 ( strong  criterion)
SIMULATION N. 62
SIMULATION MET CRITERION AT EPISODE [26164] 	 ( strong  criterion)
SIMULATION N. 63
SIMULATION MET CRITERION AT EPISODE [23971] 	 ( strong  criterion)
SIMULATION N. 64
SIMULATION MET CRITERION AT EPISODE [18812] 	 ( strong  criterion)
SIMULATION N. 65
SIMULATION MET CRITERION AT EPISODE [14394] 	 ( strong  criterion)
SIMULATION N. 66
SIMULATION MET CRITERION AT EPISODE [18455] 	 ( strong  criterion)
SIMULATION N. 67
SIMULATION MET CRITERION AT EPISODE [24399] 	 ( strong  criterion)
SIMULATION N. 68
SIMULATION MET CRITERION AT EPISODE [19082] 	 ( strong  criterion)
SIMULATION N. 69
SIMULATION MET CRITERION AT EPISODE [26772] 	 ( strong  criterion)
SIMULATION N. 70
SIMULATION MET CRITERION AT EPISODE [31960] 	 ( strong  criterion)
SIMULATION N. 71
SIMULATION MET CRITERION AT EPISODE [25375] 	 ( strong  criterion)
SIMULATION N. 72
SIMULATION MET CRITERION AT EPISODE [22109] 	 ( strong  criterion)
SIMULATION N. 73
SIMULATION MET CRITERION AT EPISODE [21405] 	 ( strong  criterion)
SIMULATION N. 74
SIMULATION MET CRITERION AT EPISODE [19142] 	 ( strong  criterion)
SIMULATION N. 75
SIMULATION MET CRITERION AT EPISODE [16175] 	 ( strong  criterion)
SIMULATION N. 76
SIMULATION MET CRITERION AT EPISODE [27957] 	 ( strong  criterion)
SIMULATION N. 77
SIMULATION MET CRITERION AT EPISODE [34907] 	 ( strong  criterion)
SIMULATION N. 78
SIMULATION MET CRITERION AT EPISODE [20007] 	 ( strong  criterion)
SIMULATION N. 79
SIMULATION MET CRITERION AT EPISODE [19693] 	 ( strong  criterion)
SIMULATION N. 80
SIMULATION MET CRITERION AT EPISODE [21908] 	 ( strong  criterion)
SIMULATION N. 81
SIMULATION MET CRITERION AT EPISODE [35343] 	 ( strong  criterion)
SIMULATION N. 82
SIMULATION MET CRITERION AT EPISODE [19678] 	 ( strong  criterion)
SIMULATION N. 83
SIMULATION MET CRITERION AT EPISODE [16981] 	 ( strong  criterion)
SIMULATION N. 84
SIMULATION MET CRITERION AT EPISODE [25348] 	 ( strong  criterion)
SIMULATION N. 85
SIMULATION MET CRITERION AT EPISODE [23122] 	 ( strong  criterion)
SIMULATION N. 86
SIMULATION MET CRITERION AT EPISODE [17729] 	 ( strong  criterion)
SIMULATION N. 87
SIMULATION MET CRITERION AT EPISODE [31654] 	 ( strong  criterion)
SIMULATION N. 88
SIMULATION MET CRITERION AT EPISODE [27656] 	 ( strong  criterion)
SIMULATION N. 89
SIMULATION MET CRITERION AT EPISODE [16755] 	 ( strong  criterion)
SIMULATION N. 90
SIMULATION MET CRITERION AT EPISODE [17301] 	 ( strong  criterion)
SIMULATION N. 91
SIMULATION MET CRITERION AT EPISODE [28256] 	 ( strong  criterion)
SIMULATION N. 92
SIMULATION MET CRITERION AT EPISODE [15595] 	 ( strong  criterion)
SIMULATION N. 93
SIMULATION MET CRITERION AT EPISODE [25304] 	 ( strong  criterion)
SIMULATION N. 94
SIMULATION MET CRITERION AT EPISODE [26142] 	 ( strong  criterion)
SIMULATION N. 95
SIMULATION MET CRITERION AT EPISODE [29189] 	 ( strong  criterion)
SIMULATION N. 96
SIMULATION MET CRITERION AT EPISODE [28131] 	 ( strong  criterion)
SIMULATION N. 97
SIMULATION MET CRITERION AT EPISODE [29555] 	 ( strong  criterion)
SIMULATION N. 98
SIMULATION MET CRITERION AT EPISODE [21149] 	 ( strong  criterion)
SIMULATION N. 99
SIMULATION MET CRITERION AT EPISODE [24765] 	 ( strong  criterion)
SIMULATION N. 100
SIMULATION MET CRITERION AT EPISODE [21597] 	 ( strong  criterion)
