nohup: input ignorato
[[ 0.  1.  0.  0.  0.  0.  0.  0.]
 [ 0.  0.  0.  1.  0.  0.  0.  0.]
 [ 0.  0.  0.  0.  0.  0.  0.  1.]
 [ 0.  0.  0.  1.  0.  0.  0.  0.]
 [ 0.  0.  0.  0.  0.  0.  1.  0.]
 [ 0.  0.  0.  1.  0.  0.  0.  0.]
 [ 0.  0.  0.  0.  0.  0.  0.  1.]
 [ 0.  0.  0.  0.  1.  0.  0.  0.]
 [ 0.  0.  0.  0.  0.  0.  1.  0.]]
['2' 'B' 'Z' 'B' 'Y' 'B' 'Z' 'C' 'Y']
['L' 'L' 'L' 'L' 'R' 'L' 'L' 'L' 'L']

Deep_mode DC 	 H_R= 10 	 H_M= 0
Decay= 0.15 	 learn_rate= 0.15 	 discount= 0.9
Leak= 0.7 	 Expl_rate= 0.025  	 gain= 1
REWARD:  BRL
PROPAGATION:  std 


SIMULATION N. 1
SIMULATION MET CRITERION AT EPISODE [38263] 	 ( strong  criterion)
SIMULATION N. 2
SIMULATION MET CRITERION AT EPISODE [38718] 	 ( strong  criterion)
SIMULATION N. 3
SIMULATION MET CRITERION AT EPISODE [22267] 	 ( strong  criterion)
SIMULATION N. 4
SIMULATION MET CRITERION AT EPISODE [42042] 	 ( strong  criterion)
SIMULATION N. 5
SIMULATION MET CRITERION AT EPISODE [23734] 	 ( strong  criterion)
SIMULATION N. 6
SIMULATION MET CRITERION AT EPISODE [17956] 	 ( strong  criterion)
SIMULATION N. 7
SIMULATION MET CRITERION AT EPISODE [25660] 	 ( strong  criterion)
SIMULATION N. 8
SIMULATION MET CRITERION AT EPISODE [23594] 	 ( strong  criterion)
SIMULATION N. 9
SIMULATION MET CRITERION AT EPISODE [38151] 	 ( strong  criterion)
SIMULATION N. 10
SIMULATION MET CRITERION AT EPISODE [24861] 	 ( strong  criterion)
SIMULATION N. 11
SIMULATION MET CRITERION AT EPISODE [24891] 	 ( strong  criterion)
SIMULATION N. 12
SIMULATION MET CRITERION AT EPISODE [25432] 	 ( strong  criterion)
SIMULATION N. 13
SIMULATION MET CRITERION AT EPISODE [16864] 	 ( strong  criterion)
SIMULATION N. 14
SIMULATION MET CRITERION AT EPISODE [19821] 	 ( strong  criterion)
SIMULATION N. 15
SIMULATION MET CRITERION AT EPISODE [11517] 	 ( strong  criterion)
SIMULATION N. 16
SIMULATION MET CRITERION AT EPISODE [22771] 	 ( strong  criterion)
SIMULATION N. 17
SIMULATION MET CRITERION AT EPISODE [20243] 	 ( strong  criterion)
SIMULATION N. 18
SIMULATION MET CRITERION AT EPISODE [24241] 	 ( strong  criterion)
SIMULATION N. 19
SIMULATION MET CRITERION AT EPISODE [33162] 	 ( strong  criterion)
SIMULATION N. 20
SIMULATION MET CRITERION AT EPISODE [8238] 	 ( strong  criterion)
SIMULATION N. 21
SIMULATION MET CRITERION AT EPISODE [37458] 	 ( strong  criterion)
SIMULATION N. 22
SIMULATION MET CRITERION AT EPISODE [24394] 	 ( strong  criterion)
SIMULATION N. 23
SIMULATION MET CRITERION AT EPISODE [14181] 	 ( strong  criterion)
SIMULATION N. 24
SIMULATION MET CRITERION AT EPISODE [29016] 	 ( strong  criterion)
SIMULATION N. 25
SIMULATION MET CRITERION AT EPISODE [22792] 	 ( strong  criterion)
SIMULATION N. 26
SIMULATION MET CRITERION AT EPISODE [16974] 	 ( strong  criterion)
SIMULATION N. 27
SIMULATION MET CRITERION AT EPISODE [33684] 	 ( strong  criterion)
SIMULATION N. 28
SIMULATION MET CRITERION AT EPISODE [20947] 	 ( strong  criterion)
SIMULATION N. 29
SIMULATION MET CRITERION AT EPISODE [36165] 	 ( strong  criterion)
SIMULATION N. 30
SIMULATION MET CRITERION AT EPISODE [19767] 	 ( strong  criterion)
SIMULATION N. 31
SIMULATION MET CRITERION AT EPISODE [38533] 	 ( strong  criterion)
SIMULATION N. 32
SIMULATION MET CRITERION AT EPISODE [20751] 	 ( strong  criterion)
SIMULATION N. 33
SIMULATION MET CRITERION AT EPISODE [20131] 	 ( strong  criterion)
SIMULATION N. 34
SIMULATION MET CRITERION AT EPISODE [16609] 	 ( strong  criterion)
SIMULATION N. 35
SIMULATION MET CRITERION AT EPISODE [36463] 	 ( strong  criterion)
SIMULATION N. 36
SIMULATION MET CRITERION AT EPISODE [19057] 	 ( strong  criterion)
SIMULATION N. 37
SIMULATION MET CRITERION AT EPISODE [18805] 	 ( strong  criterion)
SIMULATION N. 38
SIMULATION MET CRITERION AT EPISODE [12667] 	 ( strong  criterion)
SIMULATION N. 39
SIMULATION MET CRITERION AT EPISODE [18569] 	 ( strong  criterion)
SIMULATION N. 40
SIMULATION MET CRITERION AT EPISODE [34675] 	 ( strong  criterion)
SIMULATION N. 41
SIMULATION MET CRITERION AT EPISODE [28612] 	 ( strong  criterion)
SIMULATION N. 42
SIMULATION MET CRITERION AT EPISODE [21272] 	 ( strong  criterion)
SIMULATION N. 43
SIMULATION MET CRITERION AT EPISODE [33741] 	 ( strong  criterion)
SIMULATION N. 44
SIMULATION MET CRITERION AT EPISODE [17454] 	 ( strong  criterion)
SIMULATION N. 45
SIMULATION MET CRITERION AT EPISODE [31247] 	 ( strong  criterion)
SIMULATION N. 46
SIMULATION MET CRITERION AT EPISODE [14386] 	 ( strong  criterion)
SIMULATION N. 47
SIMULATION MET CRITERION AT EPISODE [14182] 	 ( strong  criterion)
SIMULATION N. 48
SIMULATION MET CRITERION AT EPISODE [17473] 	 ( strong  criterion)
SIMULATION N. 49
SIMULATION MET CRITERION AT EPISODE [34203] 	 ( strong  criterion)
SIMULATION N. 50
SIMULATION MET CRITERION AT EPISODE [36039] 	 ( strong  criterion)
SIMULATION N. 51
SIMULATION MET CRITERION AT EPISODE [31558] 	 ( strong  criterion)
SIMULATION N. 52
SIMULATION MET CRITERION AT EPISODE [21700] 	 ( strong  criterion)
SIMULATION N. 53
SIMULATION MET CRITERION AT EPISODE [19229] 	 ( strong  criterion)
SIMULATION N. 54
SIMULATION MET CRITERION AT EPISODE [24340] 	 ( strong  criterion)
SIMULATION N. 55
SIMULATION MET CRITERION AT EPISODE [12193] 	 ( strong  criterion)
SIMULATION N. 56
SIMULATION MET CRITERION AT EPISODE [15646] 	 ( strong  criterion)
SIMULATION N. 57
SIMULATION MET CRITERION AT EPISODE [26812] 	 ( strong  criterion)
SIMULATION N. 58
SIMULATION MET CRITERION AT EPISODE [25756] 	 ( strong  criterion)
SIMULATION N. 59
SIMULATION MET CRITERION AT EPISODE [21174] 	 ( strong  criterion)
SIMULATION N. 60
SIMULATION MET CRITERION AT EPISODE [26192] 	 ( strong  criterion)
SIMULATION N. 61
SIMULATION MET CRITERION AT EPISODE [26078] 	 ( strong  criterion)
SIMULATION N. 62
SIMULATION MET CRITERION AT EPISODE [29805] 	 ( strong  criterion)
SIMULATION N. 63
SIMULATION MET CRITERION AT EPISODE [15705] 	 ( strong  criterion)
SIMULATION N. 64
SIMULATION MET CRITERION AT EPISODE [24644] 	 ( strong  criterion)
SIMULATION N. 65
SIMULATION MET CRITERION AT EPISODE [21710] 	 ( strong  criterion)
SIMULATION N. 66
SIMULATION MET CRITERION AT EPISODE [28311] 	 ( strong  criterion)
SIMULATION N. 67
SIMULATION MET CRITERION AT EPISODE [25086] 	 ( strong  criterion)
SIMULATION N. 68
SIMULATION MET CRITERION AT EPISODE [49864] 	 ( strong  criterion)
SIMULATION N. 69
SIMULATION MET CRITERION AT EPISODE [30461] 	 ( strong  criterion)
SIMULATION N. 70
SIMULATION MET CRITERION AT EPISODE [19510] 	 ( strong  criterion)
SIMULATION N. 71
SIMULATION MET CRITERION AT EPISODE [15776] 	 ( strong  criterion)
SIMULATION N. 72
SIMULATION MET CRITERION AT EPISODE [28451] 	 ( strong  criterion)
SIMULATION N. 73
SIMULATION MET CRITERION AT EPISODE [28496] 	 ( strong  criterion)
SIMULATION N. 74
SIMULATION MET CRITERION AT EPISODE [22146] 	 ( strong  criterion)
SIMULATION N. 75
SIMULATION MET CRITERION AT EPISODE [53433] 	 ( strong  criterion)
SIMULATION N. 76
SIMULATION MET CRITERION AT EPISODE [23640] 	 ( strong  criterion)
SIMULATION N. 77
SIMULATION MET CRITERION AT EPISODE [22935] 	 ( strong  criterion)
SIMULATION N. 78
SIMULATION MET CRITERION AT EPISODE [26367] 	 ( strong  criterion)
SIMULATION N. 79
SIMULATION MET CRITERION AT EPISODE [22549] 	 ( strong  criterion)
SIMULATION N. 80
SIMULATION MET CRITERION AT EPISODE [29141] 	 ( strong  criterion)
SIMULATION N. 81
SIMULATION MET CRITERION AT EPISODE [25476] 	 ( strong  criterion)
SIMULATION N. 82
SIMULATION MET CRITERION AT EPISODE [22812] 	 ( strong  criterion)
SIMULATION N. 83
SIMULATION MET CRITERION AT EPISODE [24384] 	 ( strong  criterion)
SIMULATION N. 84
SIMULATION MET CRITERION AT EPISODE [32520] 	 ( strong  criterion)
SIMULATION N. 85
SIMULATION MET CRITERION AT EPISODE [27127] 	 ( strong  criterion)
SIMULATION N. 86
SIMULATION MET CRITERION AT EPISODE [20867] 	 ( strong  criterion)
SIMULATION N. 87
SIMULATION MET CRITERION AT EPISODE [35324] 	 ( strong  criterion)
SIMULATION N. 88
SIMULATION MET CRITERION AT EPISODE [9559] 	 ( strong  criterion)
SIMULATION N. 89
SIMULATION MET CRITERION AT EPISODE [34055] 	 ( strong  criterion)
SIMULATION N. 90
SIMULATION MET CRITERION AT EPISODE [25091] 	 ( strong  criterion)
SIMULATION N. 91
SIMULATION MET CRITERION AT EPISODE [15229] 	 ( strong  criterion)
SIMULATION N. 92
SIMULATION MET CRITERION AT EPISODE [25228] 	 ( strong  criterion)
SIMULATION N. 93
SIMULATION MET CRITERION AT EPISODE [17821] 	 ( strong  criterion)
SIMULATION N. 94
SIMULATION MET CRITERION AT EPISODE [34071] 	 ( strong  criterion)
SIMULATION N. 95
SIMULATION MET CRITERION AT EPISODE [36998] 	 ( strong  criterion)
SIMULATION N. 96
SIMULATION MET CRITERION AT EPISODE [15680] 	 ( strong  criterion)
SIMULATION N. 97
SIMULATION MET CRITERION AT EPISODE [25924] 	 ( strong  criterion)
SIMULATION N. 98
SIMULATION MET CRITERION AT EPISODE [23699] 	 ( strong  criterion)
SIMULATION N. 99
SIMULATION MET CRITERION AT EPISODE [32877] 	 ( strong  criterion)
SIMULATION N. 100
SIMULATION MET CRITERION AT EPISODE [26400] 	 ( strong  criterion)
