nohup: input ignorato
[[ 1.  0.  0.  0.  0.  0.  0.  0.]
 [ 0.  0.  1.  0.  0.  0.  0.  0.]
 [ 0.  0.  0.  0.  0.  1.  0.  0.]]
['1' 'A' 'X']
['L' 'L' 'R']

Deep_mode DM 	 H_R= 0 	 H_M= 10
Tag Decay= 0.15 	 learn_rate= 0.2 	 discount= 0.9
Leak= 0.7 	 Expl_rate= 0.025  	 gain= 1
REWARD:  BRL
PROPAGATION:  std 


SIMULATION N. 1
SIMULATION MET CRITERION AT EPISODE [16524] 	 ( strong  criterion)
SIMULATION N. 2
SIMULATION MET CRITERION AT EPISODE [21826] 	 ( strong  criterion)
SIMULATION N. 3
SIMULATION MET CRITERION AT EPISODE [21473] 	 ( strong  criterion)
SIMULATION N. 4
SIMULATION MET CRITERION AT EPISODE [12218] 	 ( strong  criterion)
SIMULATION N. 5
SIMULATION MET CRITERION AT EPISODE [17739] 	 ( strong  criterion)
SIMULATION N. 6
SIMULATION MET CRITERION AT EPISODE [13290] 	 ( strong  criterion)
SIMULATION N. 7
SIMULATION MET CRITERION AT EPISODE [10690] 	 ( strong  criterion)
SIMULATION N. 8
SIMULATION MET CRITERION AT EPISODE [24321] 	 ( strong  criterion)
SIMULATION N. 9
SIMULATION MET CRITERION AT EPISODE [17868] 	 ( strong  criterion)
SIMULATION N. 10
SIMULATION MET CRITERION AT EPISODE [0] 	 ( strong  criterion)
SIMULATION N. 11
SIMULATION MET CRITERION AT EPISODE [26079] 	 ( strong  criterion)
SIMULATION N. 12
SIMULATION MET CRITERION AT EPISODE [22019] 	 ( strong  criterion)
SIMULATION N. 13
SIMULATION MET CRITERION AT EPISODE [19826] 	 ( strong  criterion)
SIMULATION N. 14
SIMULATION MET CRITERION AT EPISODE [17312] 	 ( strong  criterion)
SIMULATION N. 15
SIMULATION MET CRITERION AT EPISODE [13572] 	 ( strong  criterion)
SIMULATION N. 16
SIMULATION MET CRITERION AT EPISODE [15737] 	 ( strong  criterion)
SIMULATION N. 17
SIMULATION MET CRITERION AT EPISODE [19592] 	 ( strong  criterion)
SIMULATION N. 18
SIMULATION MET CRITERION AT EPISODE [11874] 	 ( strong  criterion)
SIMULATION N. 19
SIMULATION MET CRITERION AT EPISODE [11939] 	 ( strong  criterion)
SIMULATION N. 20
SIMULATION MET CRITERION AT EPISODE [13880] 	 ( strong  criterion)
SIMULATION N. 21
SIMULATION MET CRITERION AT EPISODE [14669] 	 ( strong  criterion)
SIMULATION N. 22
SIMULATION MET CRITERION AT EPISODE [26378] 	 ( strong  criterion)
SIMULATION N. 23
SIMULATION MET CRITERION AT EPISODE [18496] 	 ( strong  criterion)
SIMULATION N. 24
SIMULATION MET CRITERION AT EPISODE [32166] 	 ( strong  criterion)
SIMULATION N. 25
SIMULATION MET CRITERION AT EPISODE [26974] 	 ( strong  criterion)
SIMULATION N. 26
SIMULATION MET CRITERION AT EPISODE [15954] 	 ( strong  criterion)
SIMULATION N. 27
SIMULATION MET CRITERION AT EPISODE [9754] 	 ( strong  criterion)
SIMULATION N. 28
SIMULATION MET CRITERION AT EPISODE [22649] 	 ( strong  criterion)
SIMULATION N. 29
SIMULATION MET CRITERION AT EPISODE [13639] 	 ( strong  criterion)
SIMULATION N. 30
SIMULATION MET CRITERION AT EPISODE [21823] 	 ( strong  criterion)
SIMULATION N. 31
SIMULATION MET CRITERION AT EPISODE [21643] 	 ( strong  criterion)
SIMULATION N. 32
SIMULATION MET CRITERION AT EPISODE [22319] 	 ( strong  criterion)
SIMULATION N. 33
SIMULATION MET CRITERION AT EPISODE [20485] 	 ( strong  criterion)
SIMULATION N. 34
SIMULATION MET CRITERION AT EPISODE [0] 	 ( strong  criterion)
SIMULATION N. 35
SIMULATION MET CRITERION AT EPISODE [18658] 	 ( strong  criterion)
SIMULATION N. 36
SIMULATION MET CRITERION AT EPISODE [21342] 	 ( strong  criterion)
SIMULATION N. 37
SIMULATION MET CRITERION AT EPISODE [22070] 	 ( strong  criterion)
SIMULATION N. 38
SIMULATION MET CRITERION AT EPISODE [16144] 	 ( strong  criterion)
SIMULATION N. 39
SIMULATION MET CRITERION AT EPISODE [21082] 	 ( strong  criterion)
SIMULATION N. 40
SIMULATION MET CRITERION AT EPISODE [6960] 	 ( strong  criterion)
SIMULATION N. 41
SIMULATION MET CRITERION AT EPISODE [11849] 	 ( strong  criterion)
SIMULATION N. 42
SIMULATION MET CRITERION AT EPISODE [13315] 	 ( strong  criterion)
SIMULATION N. 43
SIMULATION MET CRITERION AT EPISODE [21120] 	 ( strong  criterion)
SIMULATION N. 44
SIMULATION MET CRITERION AT EPISODE [16679] 	 ( strong  criterion)
SIMULATION N. 45
SIMULATION MET CRITERION AT EPISODE [19942] 	 ( strong  criterion)
SIMULATION N. 46
SIMULATION MET CRITERION AT EPISODE [34879] 	 ( strong  criterion)
SIMULATION N. 47
SIMULATION MET CRITERION AT EPISODE [29545] 	 ( strong  criterion)
SIMULATION N. 48
SIMULATION MET CRITERION AT EPISODE [13491] 	 ( strong  criterion)
SIMULATION N. 49
SIMULATION MET CRITERION AT EPISODE [21600] 	 ( strong  criterion)
SIMULATION N. 50
SIMULATION MET CRITERION AT EPISODE [40700] 	 ( strong  criterion)
SIMULATION N. 51
SIMULATION MET CRITERION AT EPISODE [19675] 	 ( strong  criterion)
SIMULATION N. 52
SIMULATION MET CRITERION AT EPISODE [16702] 	 ( strong  criterion)
SIMULATION N. 53
SIMULATION MET CRITERION AT EPISODE [15228] 	 ( strong  criterion)
SIMULATION N. 54
SIMULATION MET CRITERION AT EPISODE [14825] 	 ( strong  criterion)
SIMULATION N. 55
SIMULATION MET CRITERION AT EPISODE [14233] 	 ( strong  criterion)
SIMULATION N. 56
SIMULATION MET CRITERION AT EPISODE [24684] 	 ( strong  criterion)
SIMULATION N. 57
SIMULATION MET CRITERION AT EPISODE [25705] 	 ( strong  criterion)
SIMULATION N. 58
SIMULATION MET CRITERION AT EPISODE [17663] 	 ( strong  criterion)
SIMULATION N. 59
SIMULATION MET CRITERION AT EPISODE [12333] 	 ( strong  criterion)
SIMULATION N. 60
SIMULATION MET CRITERION AT EPISODE [20898] 	 ( strong  criterion)
SIMULATION N. 61
SIMULATION MET CRITERION AT EPISODE [33303] 	 ( strong  criterion)
SIMULATION N. 62
SIMULATION MET CRITERION AT EPISODE [14019] 	 ( strong  criterion)
SIMULATION N. 63
SIMULATION MET CRITERION AT EPISODE [25619] 	 ( strong  criterion)
SIMULATION N. 64
SIMULATION MET CRITERION AT EPISODE [14494] 	 ( strong  criterion)
SIMULATION N. 65
SIMULATION MET CRITERION AT EPISODE [15328] 	 ( strong  criterion)
SIMULATION N. 66
SIMULATION MET CRITERION AT EPISODE [8509] 	 ( strong  criterion)
SIMULATION N. 67
SIMULATION MET CRITERION AT EPISODE [20404] 	 ( strong  criterion)
SIMULATION N. 68
SIMULATION MET CRITERION AT EPISODE [27592] 	 ( strong  criterion)
SIMULATION N. 69
SIMULATION MET CRITERION AT EPISODE [26832] 	 ( strong  criterion)
SIMULATION N. 70
SIMULATION MET CRITERION AT EPISODE [24971] 	 ( strong  criterion)
SIMULATION N. 71
SIMULATION MET CRITERION AT EPISODE [18737] 	 ( strong  criterion)
SIMULATION N. 72
SIMULATION MET CRITERION AT EPISODE [21450] 	 ( strong  criterion)
SIMULATION N. 73
SIMULATION MET CRITERION AT EPISODE [16317] 	 ( strong  criterion)
SIMULATION N. 74
SIMULATION MET CRITERION AT EPISODE [145222] 	 ( strong  criterion)
SIMULATION N. 75
SIMULATION MET CRITERION AT EPISODE [12481] 	 ( strong  criterion)
SIMULATION N. 76
SIMULATION MET CRITERION AT EPISODE [14880] 	 ( strong  criterion)
SIMULATION N. 77
SIMULATION MET CRITERION AT EPISODE [18933] 	 ( strong  criterion)
SIMULATION N. 78
SIMULATION MET CRITERION AT EPISODE [17253] 	 ( strong  criterion)
SIMULATION N. 79
SIMULATION MET CRITERION AT EPISODE [21114] 	 ( strong  criterion)
SIMULATION N. 80
SIMULATION MET CRITERION AT EPISODE [10834] 	 ( strong  criterion)
SIMULATION N. 81
SIMULATION MET CRITERION AT EPISODE [21812] 	 ( strong  criterion)
SIMULATION N. 82
SIMULATION MET CRITERION AT EPISODE [39339] 	 ( strong  criterion)
SIMULATION N. 83
SIMULATION MET CRITERION AT EPISODE [17392] 	 ( strong  criterion)
SIMULATION N. 84
SIMULATION MET CRITERION AT EPISODE [26443] 	 ( strong  criterion)
SIMULATION N. 85
SIMULATION MET CRITERION AT EPISODE [15030] 	 ( strong  criterion)
SIMULATION N. 86
SIMULATION MET CRITERION AT EPISODE [15546] 	 ( strong  criterion)
SIMULATION N. 87
SIMULATION MET CRITERION AT EPISODE [15896] 	 ( strong  criterion)
SIMULATION N. 88
SIMULATION MET CRITERION AT EPISODE [17962] 	 ( strong  criterion)
SIMULATION N. 89
SIMULATION MET CRITERION AT EPISODE [21688] 	 ( strong  criterion)
SIMULATION N. 90
SIMULATION MET CRITERION AT EPISODE [18872] 	 ( strong  criterion)
SIMULATION N. 91
SIMULATION MET CRITERION AT EPISODE [24055] 	 ( strong  criterion)
SIMULATION N. 92
SIMULATION MET CRITERION AT EPISODE [10556] 	 ( strong  criterion)
SIMULATION N. 93
SIMULATION MET CRITERION AT EPISODE [21137] 	 ( strong  criterion)
SIMULATION N. 94
SIMULATION MET CRITERION AT EPISODE [21340] 	 ( strong  criterion)
SIMULATION N. 95
SIMULATION MET CRITERION AT EPISODE [15789] 	 ( strong  criterion)
SIMULATION N. 96
SIMULATION MET CRITERION AT EPISODE [23847] 	 ( strong  criterion)
SIMULATION N. 97
SIMULATION MET CRITERION AT EPISODE [24412] 	 ( strong  criterion)
SIMULATION N. 98
SIMULATION MET CRITERION AT EPISODE [16420] 	 ( strong  criterion)
SIMULATION N. 99
SIMULATION MET CRITERION AT EPISODE [12809] 	 ( strong  criterion)
SIMULATION N. 100
SIMULATION MET CRITERION AT EPISODE [12660] 	 ( strong  criterion)
