nohup: input ignorato
[[ 0.  1.  0.  0.  0.  0.  0.  0.]
 [ 0.  0.  1.  0.  0.  0.  0.  0.]
 [ 0.  0.  0.  0.  0.  1.  0.  0.]
 [ 0.  0.  0.  0.  1.  0.  0.  0.]
 [ 0.  0.  0.  0.  0.  0.  0.  1.]
 [ 0.  0.  0.  0.  1.  0.  0.  0.]
 [ 0.  0.  0.  0.  0.  0.  1.  0.]
 [ 0.  0.  1.  0.  0.  0.  0.  0.]
 [ 0.  0.  0.  0.  0.  0.  0.  1.]]
['2' 'A' 'X' 'C' 'Z' 'C' 'Y' 'A' 'Z']
['L' 'L' 'L' 'L' 'L' 'L' 'L' 'L' 'L']

Deep_mode DM 	 H_R= 0 	 H_M= 10
Decay= 0.15 	 learn_rate= 0.15 	 discount= 0.9
Leak= 0.7 	 Expl_rate= 0.025  	 gain= 1
REWARD:  BRL
PROPAGATION:  std 


SIMULATION N. 1
SIMULATION MET CRITERION AT EPISODE [20474] 	 ( strong  criterion)
SIMULATION N. 2
SIMULATION MET CRITERION AT EPISODE [18203] 	 ( strong  criterion)
SIMULATION N. 3
SIMULATION MET CRITERION AT EPISODE [39173] 	 ( strong  criterion)
SIMULATION N. 4
SIMULATION MET CRITERION AT EPISODE [15435] 	 ( strong  criterion)
SIMULATION N. 5
SIMULATION MET CRITERION AT EPISODE [20271] 	 ( strong  criterion)
SIMULATION N. 6
SIMULATION MET CRITERION AT EPISODE [30265] 	 ( strong  criterion)
SIMULATION N. 7
SIMULATION MET CRITERION AT EPISODE [10773] 	 ( strong  criterion)
SIMULATION N. 8
SIMULATION MET CRITERION AT EPISODE [17087] 	 ( strong  criterion)
SIMULATION N. 9
SIMULATION MET CRITERION AT EPISODE [21946] 	 ( strong  criterion)
SIMULATION N. 10
SIMULATION MET CRITERION AT EPISODE [23235] 	 ( strong  criterion)
SIMULATION N. 11
SIMULATION MET CRITERION AT EPISODE [16966] 	 ( strong  criterion)
SIMULATION N. 12
SIMULATION MET CRITERION AT EPISODE [19238] 	 ( strong  criterion)
SIMULATION N. 13
SIMULATION MET CRITERION AT EPISODE [15224] 	 ( strong  criterion)
SIMULATION N. 14
SIMULATION MET CRITERION AT EPISODE [12693] 	 ( strong  criterion)
SIMULATION N. 15
SIMULATION MET CRITERION AT EPISODE [11209] 	 ( strong  criterion)
SIMULATION N. 16
SIMULATION MET CRITERION AT EPISODE [14858] 	 ( strong  criterion)
SIMULATION N. 17
SIMULATION MET CRITERION AT EPISODE [13095] 	 ( strong  criterion)
SIMULATION N. 18
SIMULATION MET CRITERION AT EPISODE [31495] 	 ( strong  criterion)
SIMULATION N. 19
SIMULATION MET CRITERION AT EPISODE [17362] 	 ( strong  criterion)
SIMULATION N. 20
SIMULATION MET CRITERION AT EPISODE [12721] 	 ( strong  criterion)
SIMULATION N. 21
SIMULATION MET CRITERION AT EPISODE [18563] 	 ( strong  criterion)
SIMULATION N. 22
SIMULATION MET CRITERION AT EPISODE [17544] 	 ( strong  criterion)
SIMULATION N. 23
SIMULATION MET CRITERION AT EPISODE [28561] 	 ( strong  criterion)
SIMULATION N. 24
SIMULATION MET CRITERION AT EPISODE [17397] 	 ( strong  criterion)
SIMULATION N. 25
SIMULATION MET CRITERION AT EPISODE [17780] 	 ( strong  criterion)
SIMULATION N. 26
SIMULATION MET CRITERION AT EPISODE [40095] 	 ( strong  criterion)
SIMULATION N. 27
SIMULATION MET CRITERION AT EPISODE [23307] 	 ( strong  criterion)
SIMULATION N. 28
SIMULATION MET CRITERION AT EPISODE [28325] 	 ( strong  criterion)
SIMULATION N. 29
SIMULATION MET CRITERION AT EPISODE [17309] 	 ( strong  criterion)
SIMULATION N. 30
SIMULATION MET CRITERION AT EPISODE [22819] 	 ( strong  criterion)
SIMULATION N. 31
SIMULATION MET CRITERION AT EPISODE [20610] 	 ( strong  criterion)
SIMULATION N. 32
SIMULATION MET CRITERION AT EPISODE [15008] 	 ( strong  criterion)
SIMULATION N. 33
SIMULATION MET CRITERION AT EPISODE [17195] 	 ( strong  criterion)
SIMULATION N. 34
SIMULATION MET CRITERION AT EPISODE [15278] 	 ( strong  criterion)
SIMULATION N. 35
SIMULATION MET CRITERION AT EPISODE [35553] 	 ( strong  criterion)
SIMULATION N. 36
SIMULATION MET CRITERION AT EPISODE [26068] 	 ( strong  criterion)
SIMULATION N. 37
SIMULATION MET CRITERION AT EPISODE [30780] 	 ( strong  criterion)
SIMULATION N. 38
SIMULATION MET CRITERION AT EPISODE [15882] 	 ( strong  criterion)
SIMULATION N. 39
SIMULATION MET CRITERION AT EPISODE [20178] 	 ( strong  criterion)
SIMULATION N. 40
SIMULATION MET CRITERION AT EPISODE [21363] 	 ( strong  criterion)
SIMULATION N. 41
SIMULATION MET CRITERION AT EPISODE [10662] 	 ( strong  criterion)
SIMULATION N. 42
SIMULATION MET CRITERION AT EPISODE [23330] 	 ( strong  criterion)
SIMULATION N. 43
SIMULATION MET CRITERION AT EPISODE [25978] 	 ( strong  criterion)
SIMULATION N. 44
SIMULATION MET CRITERION AT EPISODE [15913] 	 ( strong  criterion)
SIMULATION N. 45
SIMULATION MET CRITERION AT EPISODE [20700] 	 ( strong  criterion)
SIMULATION N. 46
SIMULATION MET CRITERION AT EPISODE [29674] 	 ( strong  criterion)
SIMULATION N. 47
SIMULATION MET CRITERION AT EPISODE [22494] 	 ( strong  criterion)
SIMULATION N. 48
SIMULATION MET CRITERION AT EPISODE [25265] 	 ( strong  criterion)
SIMULATION N. 49
SIMULATION MET CRITERION AT EPISODE [21491] 	 ( strong  criterion)
SIMULATION N. 50
SIMULATION MET CRITERION AT EPISODE [24052] 	 ( strong  criterion)
SIMULATION N. 51
SIMULATION MET CRITERION AT EPISODE [41809] 	 ( strong  criterion)
SIMULATION N. 52
SIMULATION MET CRITERION AT EPISODE [31708] 	 ( strong  criterion)
SIMULATION N. 53
SIMULATION MET CRITERION AT EPISODE [21003] 	 ( strong  criterion)
SIMULATION N. 54
SIMULATION MET CRITERION AT EPISODE [15530] 	 ( strong  criterion)
SIMULATION N. 55
SIMULATION MET CRITERION AT EPISODE [17827] 	 ( strong  criterion)
SIMULATION N. 56
SIMULATION MET CRITERION AT EPISODE [26625] 	 ( strong  criterion)
SIMULATION N. 57
SIMULATION MET CRITERION AT EPISODE [14897] 	 ( strong  criterion)
SIMULATION N. 58
SIMULATION MET CRITERION AT EPISODE [15143] 	 ( strong  criterion)
SIMULATION N. 59
SIMULATION MET CRITERION AT EPISODE [21305] 	 ( strong  criterion)
SIMULATION N. 60
SIMULATION MET CRITERION AT EPISODE [42949] 	 ( strong  criterion)
SIMULATION N. 61
SIMULATION MET CRITERION AT EPISODE [14606] 	 ( strong  criterion)
SIMULATION N. 62
SIMULATION MET CRITERION AT EPISODE [15815] 	 ( strong  criterion)
SIMULATION N. 63
SIMULATION MET CRITERION AT EPISODE [32285] 	 ( strong  criterion)
SIMULATION N. 64
SIMULATION MET CRITERION AT EPISODE [34526] 	 ( strong  criterion)
SIMULATION N. 65
SIMULATION MET CRITERION AT EPISODE [15723] 	 ( strong  criterion)
SIMULATION N. 66
SIMULATION MET CRITERION AT EPISODE [23155] 	 ( strong  criterion)
SIMULATION N. 67
SIMULATION MET CRITERION AT EPISODE [19642] 	 ( strong  criterion)
SIMULATION N. 68
SIMULATION MET CRITERION AT EPISODE [17380] 	 ( strong  criterion)
SIMULATION N. 69
SIMULATION MET CRITERION AT EPISODE [14819] 	 ( strong  criterion)
SIMULATION N. 70
SIMULATION MET CRITERION AT EPISODE [15205] 	 ( strong  criterion)
SIMULATION N. 71
SIMULATION MET CRITERION AT EPISODE [23884] 	 ( strong  criterion)
SIMULATION N. 72
SIMULATION MET CRITERION AT EPISODE [17061] 	 ( strong  criterion)
SIMULATION N. 73
SIMULATION MET CRITERION AT EPISODE [41821] 	 ( strong  criterion)
SIMULATION N. 74
SIMULATION MET CRITERION AT EPISODE [19966] 	 ( strong  criterion)
SIMULATION N. 75
SIMULATION MET CRITERION AT EPISODE [18872] 	 ( strong  criterion)
SIMULATION N. 76
SIMULATION MET CRITERION AT EPISODE [34789] 	 ( strong  criterion)
SIMULATION N. 77
SIMULATION MET CRITERION AT EPISODE [14574] 	 ( strong  criterion)
SIMULATION N. 78
SIMULATION MET CRITERION AT EPISODE [27174] 	 ( strong  criterion)
SIMULATION N. 79
SIMULATION MET CRITERION AT EPISODE [20764] 	 ( strong  criterion)
SIMULATION N. 80
SIMULATION MET CRITERION AT EPISODE [15717] 	 ( strong  criterion)
SIMULATION N. 81
SIMULATION MET CRITERION AT EPISODE [27525] 	 ( strong  criterion)
SIMULATION N. 82
SIMULATION MET CRITERION AT EPISODE [17035] 	 ( strong  criterion)
SIMULATION N. 83
SIMULATION MET CRITERION AT EPISODE [18460] 	 ( strong  criterion)
SIMULATION N. 84
SIMULATION MET CRITERION AT EPISODE [10886] 	 ( strong  criterion)
SIMULATION N. 85
SIMULATION MET CRITERION AT EPISODE [22445] 	 ( strong  criterion)
SIMULATION N. 86
SIMULATION MET CRITERION AT EPISODE [30626] 	 ( strong  criterion)
SIMULATION N. 87
SIMULATION MET CRITERION AT EPISODE [34634] 	 ( strong  criterion)
SIMULATION N. 88
SIMULATION MET CRITERION AT EPISODE [42428] 	 ( strong  criterion)
SIMULATION N. 89
SIMULATION MET CRITERION AT EPISODE [21463] 	 ( strong  criterion)
SIMULATION N. 90
SIMULATION MET CRITERION AT EPISODE [37259] 	 ( strong  criterion)
SIMULATION N. 91
SIMULATION MET CRITERION AT EPISODE [16981] 	 ( strong  criterion)
SIMULATION N. 92
SIMULATION MET CRITERION AT EPISODE [18347] 	 ( strong  criterion)
SIMULATION N. 93
SIMULATION MET CRITERION AT EPISODE [39616] 	 ( strong  criterion)
SIMULATION N. 94
SIMULATION MET CRITERION AT EPISODE [22291] 	 ( strong  criterion)
SIMULATION N. 95
SIMULATION MET CRITERION AT EPISODE [15239] 	 ( strong  criterion)
SIMULATION N. 96
SIMULATION MET CRITERION AT EPISODE [26674] 	 ( strong  criterion)
SIMULATION N. 97
SIMULATION MET CRITERION AT EPISODE [18865] 	 ( strong  criterion)
SIMULATION N. 98
SIMULATION MET CRITERION AT EPISODE [31590] 	 ( strong  criterion)
SIMULATION N. 99
SIMULATION MET CRITERION AT EPISODE [22025] 	 ( strong  criterion)
SIMULATION N. 100
SIMULATION MET CRITERION AT EPISODE [29933] 	 ( strong  criterion)
