nohup: input ignorato
[[ 1.  0.  0.  0.  0.  0.  0.  0.]
 [ 0.  0.  0.  1.  0.  0.  0.  0.]
 [ 0.  0.  0.  0.  0.  0.  1.  0.]
 [ 0.  0.  0.  0.  1.  0.  0.  0.]
 [ 0.  0.  0.  0.  0.  1.  0.  0.]]
['1' 'B' 'Y' 'C' 'X']
['L' 'L' 'L' 'L' 'L']

Deep_mode DM 	 H_R= 0 	 H_M= 10
Decay= 0.5 	 learn_rate= 0.08 	 discount= 0.9
Leak= 0.7 	 Expl_rate= 0.05  	 gain= 1
REWARD:  BRL
PROPAGATION:  SRBP 


SIMULATION N. 1
SIMULATION MET CRITERION AT EPISODE [80112] 	 ( strong  criterion)
SIMULATION N. 2
SIMULATION MET CRITERION AT EPISODE [106256] 	 ( strong  criterion)
SIMULATION N. 3
SIMULATION MET CRITERION AT EPISODE [185712] 	 ( strong  criterion)
SIMULATION N. 4
SIMULATION MET CRITERION AT EPISODE [70897] 	 ( strong  criterion)
SIMULATION N. 5
SIMULATION MET CRITERION AT EPISODE [50134] 	 ( strong  criterion)
SIMULATION N. 6
SIMULATION MET CRITERION AT EPISODE [214474] 	 ( strong  criterion)
SIMULATION N. 7
SIMULATION MET CRITERION AT EPISODE [69233] 	 ( strong  criterion)
SIMULATION N. 8
SIMULATION MET CRITERION AT EPISODE [82398] 	 ( strong  criterion)
SIMULATION N. 9
SIMULATION MET CRITERION AT EPISODE [96249] 	 ( strong  criterion)
SIMULATION N. 10
SIMULATION MET CRITERION AT EPISODE [143223] 	 ( strong  criterion)
SIMULATION N. 11
SIMULATION MET CRITERION AT EPISODE [66079] 	 ( strong  criterion)
SIMULATION N. 12
SIMULATION MET CRITERION AT EPISODE [0] 	 ( strong  criterion)
SIMULATION N. 13
SIMULATION MET CRITERION AT EPISODE [42680] 	 ( strong  criterion)
SIMULATION N. 14
SIMULATION MET CRITERION AT EPISODE [76760] 	 ( strong  criterion)
SIMULATION N. 15
SIMULATION MET CRITERION AT EPISODE [80548] 	 ( strong  criterion)
SIMULATION N. 16
SIMULATION MET CRITERION AT EPISODE [84396] 	 ( strong  criterion)
SIMULATION N. 17
SIMULATION MET CRITERION AT EPISODE [34423] 	 ( strong  criterion)
SIMULATION N. 18
SIMULATION MET CRITERION AT EPISODE [72806] 	 ( strong  criterion)
SIMULATION N. 19
SIMULATION MET CRITERION AT EPISODE [56335] 	 ( strong  criterion)
SIMULATION N. 20
SIMULATION MET CRITERION AT EPISODE [230716] 	 ( strong  criterion)
