nohup: input ignorato
[[ 1.  0.  0.  0.  0.  0.  0.  0.]
 [ 0.  0.  0.  0.  1.  0.  0.  0.]
 [ 0.  0.  0.  0.  0.  0.  1.  0.]]
['1' 'C' 'Y']
['L' 'L' 'L']

Deep_mode DCM 	 H_R= 10 	 H_M= 10
Decay= 0.15 	 learn_rate= 0.15 	 discount= 0.9
Leak= 0.7 	 Expl_rate= 0.025  	 gain= 1
REWARD:  BRL
PROPAGATION:  std 


SIMULATION N. 1
SIMULATION MET CRITERION AT EPISODE [7362] 	 ( strong  criterion)
SIMULATION N. 2
SIMULATION MET CRITERION AT EPISODE [26483] 	 ( strong  criterion)
SIMULATION N. 3
SIMULATION MET CRITERION AT EPISODE [12061] 	 ( strong  criterion)
SIMULATION N. 4
SIMULATION MET CRITERION AT EPISODE [15644] 	 ( strong  criterion)
SIMULATION N. 5
SIMULATION MET CRITERION AT EPISODE [18736] 	 ( strong  criterion)
SIMULATION N. 6
SIMULATION MET CRITERION AT EPISODE [15036] 	 ( strong  criterion)
SIMULATION N. 7
SIMULATION MET CRITERION AT EPISODE [32447] 	 ( strong  criterion)
SIMULATION N. 8
SIMULATION MET CRITERION AT EPISODE [31426] 	 ( strong  criterion)
SIMULATION N. 9
SIMULATION MET CRITERION AT EPISODE [25377] 	 ( strong  criterion)
SIMULATION N. 10
SIMULATION MET CRITERION AT EPISODE [16147] 	 ( strong  criterion)
SIMULATION N. 11
SIMULATION MET CRITERION AT EPISODE [18161] 	 ( strong  criterion)
SIMULATION N. 12
SIMULATION MET CRITERION AT EPISODE [45453] 	 ( strong  criterion)
SIMULATION N. 13
SIMULATION MET CRITERION AT EPISODE [0] 	 ( strong  criterion)
SIMULATION N. 14
SIMULATION MET CRITERION AT EPISODE [17013] 	 ( strong  criterion)
SIMULATION N. 15
SIMULATION MET CRITERION AT EPISODE [19018] 	 ( strong  criterion)
SIMULATION N. 16
SIMULATION MET CRITERION AT EPISODE [31617] 	 ( strong  criterion)
SIMULATION N. 17
SIMULATION MET CRITERION AT EPISODE [23625] 	 ( strong  criterion)
SIMULATION N. 18
SIMULATION MET CRITERION AT EPISODE [47587] 	 ( strong  criterion)
SIMULATION N. 19
SIMULATION MET CRITERION AT EPISODE [25541] 	 ( strong  criterion)
SIMULATION N. 20
SIMULATION MET CRITERION AT EPISODE [23770] 	 ( strong  criterion)
SIMULATION N. 21
SIMULATION MET CRITERION AT EPISODE [17659] 	 ( strong  criterion)
SIMULATION N. 22
SIMULATION MET CRITERION AT EPISODE [17658] 	 ( strong  criterion)
SIMULATION N. 23
SIMULATION MET CRITERION AT EPISODE [33598] 	 ( strong  criterion)
SIMULATION N. 24
SIMULATION MET CRITERION AT EPISODE [14630] 	 ( strong  criterion)
SIMULATION N. 25
SIMULATION MET CRITERION AT EPISODE [10953] 	 ( strong  criterion)
SIMULATION N. 26
SIMULATION MET CRITERION AT EPISODE [15789] 	 ( strong  criterion)
SIMULATION N. 27
SIMULATION MET CRITERION AT EPISODE [6425] 	 ( strong  criterion)
SIMULATION N. 28
SIMULATION MET CRITERION AT EPISODE [21345] 	 ( strong  criterion)
SIMULATION N. 29
SIMULATION MET CRITERION AT EPISODE [29692] 	 ( strong  criterion)
SIMULATION N. 30
SIMULATION MET CRITERION AT EPISODE [14388] 	 ( strong  criterion)
SIMULATION N. 31
SIMULATION MET CRITERION AT EPISODE [12166] 	 ( strong  criterion)
SIMULATION N. 32
SIMULATION MET CRITERION AT EPISODE [15824] 	 ( strong  criterion)
SIMULATION N. 33
SIMULATION MET CRITERION AT EPISODE [15527] 	 ( strong  criterion)
SIMULATION N. 34
SIMULATION MET CRITERION AT EPISODE [9410] 	 ( strong  criterion)
SIMULATION N. 35
SIMULATION MET CRITERION AT EPISODE [20269] 	 ( strong  criterion)
SIMULATION N. 36
SIMULATION MET CRITERION AT EPISODE [20348] 	 ( strong  criterion)
SIMULATION N. 37
SIMULATION MET CRITERION AT EPISODE [15542] 	 ( strong  criterion)
SIMULATION N. 38
SIMULATION MET CRITERION AT EPISODE [26662] 	 ( strong  criterion)
SIMULATION N. 39
SIMULATION MET CRITERION AT EPISODE [16951] 	 ( strong  criterion)
SIMULATION N. 40
SIMULATION MET CRITERION AT EPISODE [22240] 	 ( strong  criterion)
SIMULATION N. 41
SIMULATION MET CRITERION AT EPISODE [44515] 	 ( strong  criterion)
SIMULATION N. 42
SIMULATION MET CRITERION AT EPISODE [18761] 	 ( strong  criterion)
SIMULATION N. 43
SIMULATION MET CRITERION AT EPISODE [15372] 	 ( strong  criterion)
SIMULATION N. 44
SIMULATION MET CRITERION AT EPISODE [26785] 	 ( strong  criterion)
SIMULATION N. 45
SIMULATION MET CRITERION AT EPISODE [18841] 	 ( strong  criterion)
SIMULATION N. 46
SIMULATION MET CRITERION AT EPISODE [16688] 	 ( strong  criterion)
SIMULATION N. 47
SIMULATION MET CRITERION AT EPISODE [15472] 	 ( strong  criterion)
SIMULATION N. 48
SIMULATION MET CRITERION AT EPISODE [17613] 	 ( strong  criterion)
SIMULATION N. 49
SIMULATION MET CRITERION AT EPISODE [31452] 	 ( strong  criterion)
SIMULATION N. 50
SIMULATION MET CRITERION AT EPISODE [26952] 	 ( strong  criterion)
SIMULATION N. 51
SIMULATION MET CRITERION AT EPISODE [20976] 	 ( strong  criterion)
SIMULATION N. 52
SIMULATION MET CRITERION AT EPISODE [17211] 	 ( strong  criterion)
SIMULATION N. 53
SIMULATION MET CRITERION AT EPISODE [25483] 	 ( strong  criterion)
SIMULATION N. 54
SIMULATION MET CRITERION AT EPISODE [15393] 	 ( strong  criterion)
SIMULATION N. 55
SIMULATION MET CRITERION AT EPISODE [20745] 	 ( strong  criterion)
SIMULATION N. 56
SIMULATION MET CRITERION AT EPISODE [18009] 	 ( strong  criterion)
SIMULATION N. 57
SIMULATION MET CRITERION AT EPISODE [37719] 	 ( strong  criterion)
SIMULATION N. 58
SIMULATION MET CRITERION AT EPISODE [14075] 	 ( strong  criterion)
SIMULATION N. 59
SIMULATION MET CRITERION AT EPISODE [27166] 	 ( strong  criterion)
SIMULATION N. 60
SIMULATION MET CRITERION AT EPISODE [22144] 	 ( strong  criterion)
SIMULATION N. 61
SIMULATION MET CRITERION AT EPISODE [14681] 	 ( strong  criterion)
SIMULATION N. 62
SIMULATION MET CRITERION AT EPISODE [17874] 	 ( strong  criterion)
SIMULATION N. 63
SIMULATION MET CRITERION AT EPISODE [16483] 	 ( strong  criterion)
SIMULATION N. 64
SIMULATION MET CRITERION AT EPISODE [16868] 	 ( strong  criterion)
SIMULATION N. 65
SIMULATION MET CRITERION AT EPISODE [17758] 	 ( strong  criterion)
SIMULATION N. 66
SIMULATION MET CRITERION AT EPISODE [16726] 	 ( strong  criterion)
SIMULATION N. 67
SIMULATION MET CRITERION AT EPISODE [14917] 	 ( strong  criterion)
SIMULATION N. 68
SIMULATION MET CRITERION AT EPISODE [18736] 	 ( strong  criterion)
SIMULATION N. 69
SIMULATION MET CRITERION AT EPISODE [10044] 	 ( strong  criterion)
SIMULATION N. 70
SIMULATION MET CRITERION AT EPISODE [14454] 	 ( strong  criterion)
SIMULATION N. 71
SIMULATION MET CRITERION AT EPISODE [23406] 	 ( strong  criterion)
SIMULATION N. 72
SIMULATION MET CRITERION AT EPISODE [31391] 	 ( strong  criterion)
SIMULATION N. 73
SIMULATION MET CRITERION AT EPISODE [14888] 	 ( strong  criterion)
SIMULATION N. 74
SIMULATION MET CRITERION AT EPISODE [12743] 	 ( strong  criterion)
SIMULATION N. 75
SIMULATION MET CRITERION AT EPISODE [33175] 	 ( strong  criterion)
SIMULATION N. 76
SIMULATION MET CRITERION AT EPISODE [13598] 	 ( strong  criterion)
SIMULATION N. 77
SIMULATION MET CRITERION AT EPISODE [24036] 	 ( strong  criterion)
SIMULATION N. 78
SIMULATION MET CRITERION AT EPISODE [21049] 	 ( strong  criterion)
SIMULATION N. 79
SIMULATION MET CRITERION AT EPISODE [18119] 	 ( strong  criterion)
SIMULATION N. 80
SIMULATION MET CRITERION AT EPISODE [17350] 	 ( strong  criterion)
SIMULATION N. 81
SIMULATION MET CRITERION AT EPISODE [15982] 	 ( strong  criterion)
SIMULATION N. 82
SIMULATION MET CRITERION AT EPISODE [34937] 	 ( strong  criterion)
SIMULATION N. 83
SIMULATION MET CRITERION AT EPISODE [18934] 	 ( strong  criterion)
SIMULATION N. 84
SIMULATION MET CRITERION AT EPISODE [16664] 	 ( strong  criterion)
SIMULATION N. 85
SIMULATION MET CRITERION AT EPISODE [20487] 	 ( strong  criterion)
SIMULATION N. 86
SIMULATION MET CRITERION AT EPISODE [27632] 	 ( strong  criterion)
SIMULATION N. 87
SIMULATION MET CRITERION AT EPISODE [32367] 	 ( strong  criterion)
SIMULATION N. 88
SIMULATION MET CRITERION AT EPISODE [16907] 	 ( strong  criterion)
SIMULATION N. 89
SIMULATION MET CRITERION AT EPISODE [25564] 	 ( strong  criterion)
SIMULATION N. 90
SIMULATION MET CRITERION AT EPISODE [14080] 	 ( strong  criterion)
SIMULATION N. 91
SIMULATION MET CRITERION AT EPISODE [18015] 	 ( strong  criterion)
SIMULATION N. 92
SIMULATION MET CRITERION AT EPISODE [31479] 	 ( strong  criterion)
SIMULATION N. 93
SIMULATION MET CRITERION AT EPISODE [23021] 	 ( strong  criterion)
SIMULATION N. 94
SIMULATION MET CRITERION AT EPISODE [10813] 	 ( strong  criterion)
SIMULATION N. 95
SIMULATION MET CRITERION AT EPISODE [18581] 	 ( strong  criterion)
SIMULATION N. 96
SIMULATION MET CRITERION AT EPISODE [16368] 	 ( strong  criterion)
SIMULATION N. 97
SIMULATION MET CRITERION AT EPISODE [21003] 	 ( strong  criterion)
SIMULATION N. 98
SIMULATION MET CRITERION AT EPISODE [28436] 	 ( strong  criterion)
SIMULATION N. 99
SIMULATION MET CRITERION AT EPISODE [16296] 	 ( strong  criterion)
SIMULATION N. 100
SIMULATION MET CRITERION AT EPISODE [14837] 	 ( strong  criterion)
