nohup: input ignorato
[[ 1.  0.  0.  0.  0.  0.  0.  0.]
 [ 0.  0.  1.  0.  0.  0.  0.  0.]
 [ 0.  0.  0.  0.  0.  1.  0.  0.]
 [ 0.  0.  0.  1.  0.  0.  0.  0.]
 [ 0.  0.  0.  0.  0.  0.  1.  0.]
 [ 0.  0.  1.  0.  0.  0.  0.  0.]
 [ 0.  0.  0.  0.  0.  1.  0.  0.]]
['1' 'A' 'X' 'B' 'Y' 'A' 'X']
['L' 'L' 'R' 'L' 'L' 'L' 'R']

Deep_mode DCM 	 H_R= 10 	 H_M= 10
Decay= 0.5 	 learn_rate= 0.08 	 discount= 0.9
Leak= 0.7 	 Expl_rate= 0.05  	 gain= 1
REWARD:  BRL
PROPAGATION:  SRBP 


SIMULATION N. 1
SIMULATION MET CRITERION AT EPISODE [110817] 	 ( strong  criterion)
SIMULATION N. 2
SIMULATION MET CRITERION AT EPISODE [70031] 	 ( strong  criterion)
SIMULATION N. 3
SIMULATION MET CRITERION AT EPISODE [68117] 	 ( strong  criterion)
SIMULATION N. 4
SIMULATION MET CRITERION AT EPISODE [31492] 	 ( strong  criterion)
SIMULATION N. 5
SIMULATION MET CRITERION AT EPISODE [182485] 	 ( strong  criterion)
SIMULATION N. 6
SIMULATION MET CRITERION AT EPISODE [64624] 	 ( strong  criterion)
SIMULATION N. 7
SIMULATION MET CRITERION AT EPISODE [49518] 	 ( strong  criterion)
SIMULATION N. 8
SIMULATION MET CRITERION AT EPISODE [62790] 	 ( strong  criterion)
SIMULATION N. 9
SIMULATION MET CRITERION AT EPISODE [30868] 	 ( strong  criterion)
SIMULATION N. 10
SIMULATION MET CRITERION AT EPISODE [48633] 	 ( strong  criterion)
SIMULATION N. 11
SIMULATION MET CRITERION AT EPISODE [36963] 	 ( strong  criterion)
SIMULATION N. 12
SIMULATION MET CRITERION AT EPISODE [42935] 	 ( strong  criterion)
SIMULATION N. 13
SIMULATION MET CRITERION AT EPISODE [70527] 	 ( strong  criterion)
SIMULATION N. 14
SIMULATION MET CRITERION AT EPISODE [138496] 	 ( strong  criterion)
SIMULATION N. 15
SIMULATION MET CRITERION AT EPISODE [91131] 	 ( strong  criterion)
SIMULATION N. 16
SIMULATION MET CRITERION AT EPISODE [81311] 	 ( strong  criterion)
SIMULATION N. 17
SIMULATION MET CRITERION AT EPISODE [72146] 	 ( strong  criterion)
SIMULATION N. 18
SIMULATION MET CRITERION AT EPISODE [42020] 	 ( strong  criterion)
SIMULATION N. 19
SIMULATION MET CRITERION AT EPISODE [98869] 	 ( strong  criterion)
SIMULATION N. 20
SIMULATION MET CRITERION AT EPISODE [79908] 	 ( strong  criterion)
SIMULATION N. 21
SIMULATION MET CRITERION AT EPISODE [80235] 	 ( strong  criterion)
SIMULATION N. 22
SIMULATION MET CRITERION AT EPISODE [100548] 	 ( strong  criterion)
SIMULATION N. 23
SIMULATION MET CRITERION AT EPISODE [110773] 	 ( strong  criterion)
SIMULATION N. 24
SIMULATION MET CRITERION AT EPISODE [70239] 	 ( strong  criterion)
SIMULATION N. 25
SIMULATION MET CRITERION AT EPISODE [62148] 	 ( strong  criterion)
